[0.009s] Invoking command in '/home/mampane/Desktop/pose_graph_optimization_for_SLAM/ros2_ws/build/turtlebot4_navigation': CMAKE_PREFIX_PATH=${CMAKE_PREFIX_PATH}:/opt/ros/jazzy:/opt/ros/humble DEBUGINFOD_URLS=https://debuginfod.ubuntu.com /usr/bin/cmake --build /home/mampane/Desktop/pose_graph_optimization_for_SLAM/ros2_ws/build/turtlebot4_navigation -- -j20 -l20
[0.050s] Built target ament_cmake_python_symlink_turtlebot4_navigation
[0.183s] running egg_info
[0.194s] writing turtlebot4_navigation.egg-info/PKG-INFO
[0.194s] writing dependency_links to turtlebot4_navigation.egg-info/dependency_links.txt
[0.194s] writing top-level names to turtlebot4_navigation.egg-info/top_level.txt
[0.226s] reading manifest file 'turtlebot4_navigation.egg-info/SOURCES.txt'
[0.226s] writing manifest file 'turtlebot4_navigation.egg-info/SOURCES.txt'
[0.244s] Built target ament_cmake_python_build_turtlebot4_navigation_egg
[0.251s] Invoked command in '/home/mampane/Desktop/pose_graph_optimization_for_SLAM/ros2_ws/build/turtlebot4_navigation' returned '0': CMAKE_PREFIX_PATH=${CMAKE_PREFIX_PATH}:/opt/ros/jazzy:/opt/ros/humble DEBUGINFOD_URLS=https://debuginfod.ubuntu.com /usr/bin/cmake --build /home/mampane/Desktop/pose_graph_optimization_for_SLAM/ros2_ws/build/turtlebot4_navigation -- -j20 -l20
[0.251s] Invoking command in '/home/mampane/Desktop/pose_graph_optimization_for_SLAM/ros2_ws/build/turtlebot4_navigation': CMAKE_PREFIX_PATH=${CMAKE_PREFIX_PATH}:/opt/ros/jazzy:/opt/ros/humble DEBUGINFOD_URLS=https://debuginfod.ubuntu.com /usr/bin/cmake --install /home/mampane/Desktop/pose_graph_optimization_for_SLAM/ros2_ws/build/turtlebot4_navigation
[0.256s] -- Install configuration: ""
[0.257s] -- Execute custom install script
[0.257s] -- Up-to-date symlink: /home/mampane/Desktop/pose_graph_optimization_for_SLAM/ros2_ws/install/turtlebot4_navigation/share/turtlebot4_navigation/config/localization.yaml
[0.257s] -- Up-to-date symlink: /home/mampane/Desktop/pose_graph_optimization_for_SLAM/ros2_ws/install/turtlebot4_navigation/share/turtlebot4_navigation/config/nav2.yaml
[0.258s] -- Up-to-date symlink: /home/mampane/Desktop/pose_graph_optimization_for_SLAM/ros2_ws/install/turtlebot4_navigation/share/turtlebot4_navigation/config/slam.yaml
[0.258s] -- Up-to-date symlink: /home/mampane/Desktop/pose_graph_optimization_for_SLAM/ros2_ws/install/turtlebot4_navigation/share/turtlebot4_navigation/launch/localization.launch.py
[0.258s] -- Up-to-date symlink: /home/mampane/Desktop/pose_graph_optimization_for_SLAM/ros2_ws/install/turtlebot4_navigation/share/turtlebot4_navigation/launch/nav2.launch.py
[0.258s] -- Up-to-date symlink: /home/mampane/Desktop/pose_graph_optimization_for_SLAM/ros2_ws/install/turtlebot4_navigation/share/turtlebot4_navigation/launch/slam.launch.py
[0.258s] -- Up-to-date symlink: /home/mampane/Desktop/pose_graph_optimization_for_SLAM/ros2_ws/install/turtlebot4_navigation/share/turtlebot4_navigation/maps/depot.pgm
[0.258s] -- Up-to-date symlink: /home/mampane/Desktop/pose_graph_optimization_for_SLAM/ros2_ws/install/turtlebot4_navigation/share/turtlebot4_navigation/maps/depot.yaml
[0.258s] -- Up-to-date symlink: /home/mampane/Desktop/pose_graph_optimization_for_SLAM/ros2_ws/install/turtlebot4_navigation/share/turtlebot4_navigation/maps/maze.pgm
[0.258s] -- Up-to-date symlink: /home/mampane/Desktop/pose_graph_optimization_for_SLAM/ros2_ws/install/turtlebot4_navigation/share/turtlebot4_navigation/maps/maze.yaml
[0.258s] -- Up-to-date symlink: /home/mampane/Desktop/pose_graph_optimization_for_SLAM/ros2_ws/install/turtlebot4_navigation/share/turtlebot4_navigation/maps/warehouse.pgm
[0.258s] -- Up-to-date symlink: /home/mampane/Desktop/pose_graph_optimization_for_SLAM/ros2_ws/install/turtlebot4_navigation/share/turtlebot4_navigation/maps/warehouse.yaml
[0.258s] -- Up-to-date symlink: /home/mampane/Desktop/pose_graph_optimization_for_SLAM/ros2_ws/install/turtlebot4_navigation/share/turtlebot4_navigation/environment/pythonpath.sh
[0.258s] -- Up-to-date symlink: /home/mampane/Desktop/pose_graph_optimization_for_SLAM/ros2_ws/install/turtlebot4_navigation/share/turtlebot4_navigation/environment/pythonpath.dsv
[0.258s] -- Up-to-date symlink: /home/mampane/Desktop/pose_graph_optimization_for_SLAM/ros2_ws/install/turtlebot4_navigation/lib/python3.12/site-packages/turtlebot4_navigation-2.1.1-py3.12.egg-info/PKG-INFO
[0.258s] -- Up-to-date symlink: /home/mampane/Desktop/pose_graph_optimization_for_SLAM/ros2_ws/install/turtlebot4_navigation/lib/python3.12/site-packages/turtlebot4_navigation-2.1.1-py3.12.egg-info/SOURCES.txt
[0.258s] -- Up-to-date symlink: /home/mampane/Desktop/pose_graph_optimization_for_SLAM/ros2_ws/install/turtlebot4_navigation/lib/python3.12/site-packages/turtlebot4_navigation-2.1.1-py3.12.egg-info/dependency_links.txt
[0.258s] -- Up-to-date symlink: /home/mampane/Desktop/pose_graph_optimization_for_SLAM/ros2_ws/install/turtlebot4_navigation/lib/python3.12/site-packages/turtlebot4_navigation-2.1.1-py3.12.egg-info/top_level.txt
[0.258s] -- Up-to-date symlink: /home/mampane/Desktop/pose_graph_optimization_for_SLAM/ros2_ws/install/turtlebot4_navigation/lib/python3.12/site-packages/turtlebot4_navigation/__init__.py
[0.259s] -- Up-to-date symlink: /home/mampane/Desktop/pose_graph_optimization_for_SLAM/ros2_ws/install/turtlebot4_navigation/lib/python3.12/site-packages/turtlebot4_navigation/turtlebot4_navigator.py
[0.259s] -- Up-to-date symlink: /home/mampane/Desktop/pose_graph_optimization_for_SLAM/ros2_ws/install/turtlebot4_navigation/lib/python3.12/site-packages/turtlebot4_navigator.py
[0.259s] -- Up-to-date symlink: /home/mampane/Desktop/pose_graph_optimization_for_SLAM/ros2_ws/install/turtlebot4_navigation/share/ament_index/resource_index/package_run_dependencies/turtlebot4_navigation
[0.259s] -- Up-to-date symlink: /home/mampane/Desktop/pose_graph_optimization_for_SLAM/ros2_ws/install/turtlebot4_navigation/share/ament_index/resource_index/parent_prefix_path/turtlebot4_navigation
[0.259s] -- Up-to-date symlink: /home/mampane/Desktop/pose_graph_optimization_for_SLAM/ros2_ws/install/turtlebot4_navigation/share/turtlebot4_navigation/environment/ament_prefix_path.sh
[0.259s] -- Up-to-date symlink: /home/mampane/Desktop/pose_graph_optimization_for_SLAM/ros2_ws/install/turtlebot4_navigation/share/turtlebot4_navigation/environment/ament_prefix_path.dsv
[0.259s] -- Up-to-date symlink: /home/mampane/Desktop/pose_graph_optimization_for_SLAM/ros2_ws/install/turtlebot4_navigation/share/turtlebot4_navigation/environment/path.sh
[0.259s] -- Up-to-date symlink: /home/mampane/Desktop/pose_graph_optimization_for_SLAM/ros2_ws/install/turtlebot4_navigation/share/turtlebot4_navigation/environment/path.dsv
[0.259s] -- Up-to-date symlink: /home/mampane/Desktop/pose_graph_optimization_for_SLAM/ros2_ws/install/turtlebot4_navigation/share/turtlebot4_navigation/local_setup.bash
[0.259s] -- Up-to-date symlink: /home/mampane/Desktop/pose_graph_optimization_for_SLAM/ros2_ws/install/turtlebot4_navigation/share/turtlebot4_navigation/local_setup.sh
[0.259s] -- Up-to-date symlink: /home/mampane/Desktop/pose_graph_optimization_for_SLAM/ros2_ws/install/turtlebot4_navigation/share/turtlebot4_navigation/local_setup.zsh
[0.259s] -- Up-to-date symlink: /home/mampane/Desktop/pose_graph_optimization_for_SLAM/ros2_ws/install/turtlebot4_navigation/share/turtlebot4_navigation/local_setup.dsv
[0.259s] -- Symlinking: /home/mampane/Desktop/pose_graph_optimization_for_SLAM/ros2_ws/install/turtlebot4_navigation/share/turtlebot4_navigation/package.dsv
[0.265s] -- Up-to-date symlink: /home/mampane/Desktop/pose_graph_optimization_for_SLAM/ros2_ws/install/turtlebot4_navigation/share/ament_index/resource_index/packages/turtlebot4_navigation
[0.265s] -- Up-to-date symlink: /home/mampane/Desktop/pose_graph_optimization_for_SLAM/ros2_ws/install/turtlebot4_navigation/share/turtlebot4_navigation/cmake/turtlebot4_navigationConfig.cmake
[0.265s] -- Up-to-date symlink: /home/mampane/Desktop/pose_graph_optimization_for_SLAM/ros2_ws/install/turtlebot4_navigation/share/turtlebot4_navigation/cmake/turtlebot4_navigationConfig-version.cmake
[0.265s] -- Up-to-date symlink: /home/mampane/Desktop/pose_graph_optimization_for_SLAM/ros2_ws/install/turtlebot4_navigation/share/turtlebot4_navigation/package.xml
[0.292s] Listing '/home/mampane/Desktop/pose_graph_optimization_for_SLAM/ros2_ws/install/turtlebot4_navigation/lib/python3.12/site-packages/turtlebot4_navigation'...
[0.327s] Invoked command in '/home/mampane/Desktop/pose_graph_optimization_for_SLAM/ros2_ws/build/turtlebot4_navigation' returned '0': CMAKE_PREFIX_PATH=${CMAKE_PREFIX_PATH}:/opt/ros/jazzy:/opt/ros/humble DEBUGINFOD_URLS=https://debuginfod.ubuntu.com /usr/bin/cmake --install /home/mampane/Desktop/pose_graph_optimization_for_SLAM/ros2_ws/build/turtlebot4_navigation
