[0.014s] Invoking command in '/home/mampane/Desktop/pose_graph_optimization_for_SLAM/ros2_ws/build/turtlebot4_msgs': CMAKE_PREFIX_PATH=${CMAKE_PREFIX_PATH}:/opt/ros/jazzy:/opt/ros/humble DEBUGINFOD_URLS=https://debuginfod.ubuntu.com /usr/bin/cmake /home/mampane/Desktop/pose_graph_optimization_for_SLAM/ros2_ws/src/turtlebot4_msgs -DAMENT_CMAKE_SYMLINK_INSTALL=1 -DCMAKE_INSTALL_PREFIX=/home/mampane/Desktop/pose_graph_optimization_for_SLAM/ros2_ws/install/turtlebot4_msgs
[0.059s] -- The C compiler identification is GNU 13.3.0
[0.101s] -- The CXX compiler identification is GNU 13.3.0
[0.117s] -- Detecting C compiler ABI info
[0.180s] -- Detecting C compiler ABI info - done
[0.185s] -- Check for working C compiler: /usr/bin/cc - skipped
[0.186s] -- Detecting C compile features
[0.186s] -- Detecting C compile features - done
[0.193s] -- Detecting CXX compiler ABI info
[0.268s] -- Detecting CXX compiler ABI info - done
[0.279s] -- Check for working CXX compiler: /usr/bin/c++ - skipped
[0.279s] -- Detecting CXX compile features
[0.280s] -- Detecting CXX compile features - done
[0.284s] -- Found ament_cmake: 2.5.4 (/opt/ros/jazzy/share/ament_cmake/cmake)
[0.401s] -- Found Python3: /usr/bin/python3 (found version "3.12.3") found components: Interpreter 
[0.454s] -- Override CMake install command with custom implementation using symlinks instead of copying resources
[0.489s] -- Found ament_lint_auto: 0.17.3 (/opt/ros/jazzy/share/ament_lint_auto/cmake)
[0.580s] -- Found rosidl_default_generators: 1.6.0 (/opt/ros/jazzy/share/rosidl_default_generators/cmake)
[0.585s] -- Using all available rosidl_typesupport_c: rosidl_typesupport_fastrtps_c;rosidl_typesupport_introspection_c
[0.631s] -- Using all available rosidl_typesupport_cpp: rosidl_typesupport_fastrtps_cpp;rosidl_typesupport_introspection_cpp
[0.669s] -- Found rosidl_adapter: 4.6.6 (/opt/ros/jazzy/share/rosidl_adapter/cmake)
[0.672s] -- Found std_msgs: 5.3.6 (/opt/ros/jazzy/share/std_msgs/cmake)
[1.080s] -- Found ament_cmake_ros: 0.12.0 (/opt/ros/jazzy/share/ament_cmake_ros/cmake)
[1.379s] -- Using all available rosidl_typesupport_c: rosidl_typesupport_fastrtps_c;rosidl_typesupport_introspection_c
[1.783s] -- Using all available rosidl_typesupport_cpp: rosidl_typesupport_fastrtps_cpp;rosidl_typesupport_introspection_cpp
[1.785s] -- Found python_cmake_module: 0.11.1 (/opt/ros/jazzy/share/python_cmake_module/cmake)
[1.885s] -- Found PythonExtra: /usr/bin/python3  
[2.298s] -- Found Python3: /usr/bin/python3 (found version "3.12.3") found components: Interpreter Development NumPy Development.Module Development.Embed 
[2.327s] -- Added test 'copyright' to check source files copyright and LICENSE
[2.328s] -- Added test 'lint_cmake' to check CMake code style
[2.328s] -- Added test 'xmllint' to check XML markup files
[2.331s] -- Configuring done (2.3s)
[2.350s] -- Generating done (0.0s)
[2.355s] -- Build files have been written to: /home/mampane/Desktop/pose_graph_optimization_for_SLAM/ros2_ws/build/turtlebot4_msgs
[2.362s] Invoked command in '/home/mampane/Desktop/pose_graph_optimization_for_SLAM/ros2_ws/build/turtlebot4_msgs' returned '0': CMAKE_PREFIX_PATH=${CMAKE_PREFIX_PATH}:/opt/ros/jazzy:/opt/ros/humble DEBUGINFOD_URLS=https://debuginfod.ubuntu.com /usr/bin/cmake /home/mampane/Desktop/pose_graph_optimization_for_SLAM/ros2_ws/src/turtlebot4_msgs -DAMENT_CMAKE_SYMLINK_INSTALL=1 -DCMAKE_INSTALL_PREFIX=/home/mampane/Desktop/pose_graph_optimization_for_SLAM/ros2_ws/install/turtlebot4_msgs
[2.363s] Invoking command in '/home/mampane/Desktop/pose_graph_optimization_for_SLAM/ros2_ws/build/turtlebot4_msgs': CMAKE_PREFIX_PATH=${CMAKE_PREFIX_PATH}:/opt/ros/jazzy:/opt/ros/humble DEBUGINFOD_URLS=https://debuginfod.ubuntu.com /usr/bin/cmake --build /home/mampane/Desktop/pose_graph_optimization_for_SLAM/ros2_ws/build/turtlebot4_msgs -- -j20 -l20
[2.406s] [  1%] [34m[1mGenerating type hashes for ROS interfaces[0m
[2.416s] [  1%] Built target ament_cmake_python_symlink_turtlebot4_msgs
[2.547s] running egg_info
[2.548s] creating turtlebot4_msgs.egg-info
[2.559s] writing turtlebot4_msgs.egg-info/PKG-INFO
[2.559s] writing dependency_links to turtlebot4_msgs.egg-info/dependency_links.txt
[2.559s] writing top-level names to turtlebot4_msgs.egg-info/top_level.txt
[2.559s] writing manifest file 'turtlebot4_msgs.egg-info/SOURCES.txt'
[2.588s] [  1%] Built target turtlebot4_msgs__rosidl_generator_type_description
[2.592s] reading manifest file 'turtlebot4_msgs.egg-info/SOURCES.txt'
[2.593s] writing manifest file 'turtlebot4_msgs.egg-info/SOURCES.txt'
[2.597s] [  3%] [34m[1mGenerating C code for ROS interfaces[0m
[2.606s] [  5%] [34m[1mGenerating C++ code for ROS interfaces[0m
[2.615s] [  5%] Built target ament_cmake_python_build_turtlebot4_msgs_egg
[2.863s] [  5%] Built target turtlebot4_msgs__cpp
[2.899s] [  9%] [32mBuilding C object CMakeFiles/turtlebot4_msgs__rosidl_generator_c.dir/rosidl_generator_c/turtlebot4_msgs/msg/detail/user_button__type_support.c.o[0m
[2.899s] [  9%] [32mBuilding C object CMakeFiles/turtlebot4_msgs__rosidl_generator_c.dir/rosidl_generator_c/turtlebot4_msgs/msg/detail/user_display__description.c.o[0m
[2.900s] [ 11%] [32mBuilding C object CMakeFiles/turtlebot4_msgs__rosidl_generator_c.dir/rosidl_generator_c/turtlebot4_msgs/msg/detail/user_display__functions.c.o[0m
[2.900s] [ 14%] [32mBuilding C object CMakeFiles/turtlebot4_msgs__rosidl_generator_c.dir/rosidl_generator_c/turtlebot4_msgs/msg/detail/user_display__type_support.c.o[0m
[2.900s] [ 14%] [32mBuilding C object CMakeFiles/turtlebot4_msgs__rosidl_generator_c.dir/rosidl_generator_c/turtlebot4_msgs/msg/detail/user_button__functions.c.o[0m
[2.900s] [ 16%] [32mBuilding C object CMakeFiles/turtlebot4_msgs__rosidl_generator_c.dir/rosidl_generator_c/turtlebot4_msgs/msg/detail/user_led__description.c.o[0m
[2.902s] [ 18%] [32mBuilding C object CMakeFiles/turtlebot4_msgs__rosidl_generator_c.dir/rosidl_generator_c/turtlebot4_msgs/msg/detail/user_led__functions.c.o[0m
[2.902s] [ 20%] [32mBuilding C object CMakeFiles/turtlebot4_msgs__rosidl_generator_c.dir/rosidl_generator_c/turtlebot4_msgs/msg/detail/user_button__description.c.o[0m
[2.903s] [ 22%] [32mBuilding C object CMakeFiles/turtlebot4_msgs__rosidl_generator_c.dir/rosidl_generator_c/turtlebot4_msgs/msg/detail/user_led__type_support.c.o[0m
[2.949s] [ 24%] [32m[1mLinking C shared library libturtlebot4_msgs__rosidl_generator_c.so[0m
[2.978s] [ 24%] Built target turtlebot4_msgs__rosidl_generator_c
[2.986s] [ 25%] [34m[1mGenerating C type support dispatch for ROS interfaces[0m
[2.986s] [ 27%] [34m[1mGenerating C++ type support for eProsima Fast-RTPS[0m
[2.988s] [ 29%] [34m[1mGenerating C type support for eProsima Fast-RTPS[0m
[2.988s] [ 31%] [34m[1mGenerating C introspection for ROS interfaces[0m
[2.989s] [ 33%] [34m[1mGenerating C++ type support dispatch for ROS interfaces[0m
[2.989s] [ 35%] [34m[1mGenerating C++ introspection for ROS interfaces[0m
[3.311s] [ 37%] [32mBuilding CXX object CMakeFiles/turtlebot4_msgs__rosidl_typesupport_c.dir/rosidl_typesupport_c/turtlebot4_msgs/msg/user_button__type_support.cpp.o[0m
[3.313s] [ 38%] [32mBuilding CXX object CMakeFiles/turtlebot4_msgs__rosidl_typesupport_c.dir/rosidl_typesupport_c/turtlebot4_msgs/msg/user_led__type_support.cpp.o[0m
[3.314s] [ 40%] [32mBuilding CXX object CMakeFiles/turtlebot4_msgs__rosidl_typesupport_c.dir/rosidl_typesupport_c/turtlebot4_msgs/msg/user_display__type_support.cpp.o[0m
[3.316s] [ 42%] [32mBuilding CXX object CMakeFiles/turtlebot4_msgs__rosidl_typesupport_cpp.dir/rosidl_typesupport_cpp/turtlebot4_msgs/msg/user_button__type_support.cpp.o[0m
[3.316s] [ 44%] [32mBuilding CXX object CMakeFiles/turtlebot4_msgs__rosidl_typesupport_cpp.dir/rosidl_typesupport_cpp/turtlebot4_msgs/msg/user_display__type_support.cpp.o[0m
[3.319s] [ 46%] [32mBuilding CXX object CMakeFiles/turtlebot4_msgs__rosidl_typesupport_cpp.dir/rosidl_typesupport_cpp/turtlebot4_msgs/msg/user_led__type_support.cpp.o[0m
[3.344s] [ 51%] [32mBuilding C object CMakeFiles/turtlebot4_msgs__rosidl_typesupport_introspection_c.dir/rosidl_typesupport_introspection_c/turtlebot4_msgs/msg/detail/user_led__type_support.c.o[0m
[3.345s] [ 51%] [32mBuilding C object CMakeFiles/turtlebot4_msgs__rosidl_typesupport_introspection_c.dir/rosidl_typesupport_introspection_c/turtlebot4_msgs/msg/detail/user_display__type_support.c.o[0m
[3.345s] [ 51%] [32mBuilding C object CMakeFiles/turtlebot4_msgs__rosidl_typesupport_introspection_c.dir/rosidl_typesupport_introspection_c/turtlebot4_msgs/msg/detail/user_button__type_support.c.o[0m
[3.361s] [ 53%] [32m[1mLinking CXX shared library libturtlebot4_msgs__rosidl_typesupport_c.so[0m
[3.378s] [ 55%] [32mBuilding CXX object CMakeFiles/turtlebot4_msgs__rosidl_typesupport_fastrtps_cpp.dir/rosidl_typesupport_fastrtps_cpp/turtlebot4_msgs/msg/detail/dds_fastrtps/user_display__type_support.cpp.o[0m
[3.383s] [ 57%] [32mBuilding CXX object CMakeFiles/turtlebot4_msgs__rosidl_typesupport_fastrtps_cpp.dir/rosidl_typesupport_fastrtps_cpp/turtlebot4_msgs/msg/detail/dds_fastrtps/user_led__type_support.cpp.o[0m
[3.385s] [ 59%] [32mBuilding CXX object CMakeFiles/turtlebot4_msgs__rosidl_typesupport_fastrtps_cpp.dir/rosidl_typesupport_fastrtps_cpp/turtlebot4_msgs/msg/detail/dds_fastrtps/user_button__type_support.cpp.o[0m
[3.386s] [ 61%] [32mBuilding CXX object CMakeFiles/turtlebot4_msgs__rosidl_typesupport_fastrtps_c.dir/rosidl_typesupport_fastrtps_c/turtlebot4_msgs/msg/detail/user_display__type_support_c.cpp.o[0m
[3.386s] [ 62%] [32mBuilding CXX object CMakeFiles/turtlebot4_msgs__rosidl_typesupport_fastrtps_c.dir/rosidl_typesupport_fastrtps_c/turtlebot4_msgs/msg/detail/user_button__type_support_c.cpp.o[0m
[3.391s] [ 64%] [32mBuilding CXX object CMakeFiles/turtlebot4_msgs__rosidl_typesupport_fastrtps_c.dir/rosidl_typesupport_fastrtps_c/turtlebot4_msgs/msg/detail/user_led__type_support_c.cpp.o[0m
[3.410s] [ 66%] [32m[1mLinking C shared library libturtlebot4_msgs__rosidl_typesupport_introspection_c.so[0m
[3.441s] [ 66%] Built target turtlebot4_msgs__rosidl_typesupport_introspection_c
[3.444s] [ 68%] [32mBuilding CXX object CMakeFiles/turtlebot4_msgs__rosidl_typesupport_introspection_cpp.dir/rosidl_typesupport_introspection_cpp/turtlebot4_msgs/msg/detail/user_display__type_support.cpp.o[0m
[3.449s] [ 68%] Built target turtlebot4_msgs__rosidl_typesupport_c
[3.449s] [ 70%] [32mBuilding CXX object CMakeFiles/turtlebot4_msgs__rosidl_typesupport_introspection_cpp.dir/rosidl_typesupport_introspection_cpp/turtlebot4_msgs/msg/detail/user_button__type_support.cpp.o[0m
[3.454s] [ 72%] [32mBuilding CXX object CMakeFiles/turtlebot4_msgs__rosidl_typesupport_introspection_cpp.dir/rosidl_typesupport_introspection_cpp/turtlebot4_msgs/msg/detail/user_led__type_support.cpp.o[0m
[3.836s] [ 74%] [32m[1mLinking CXX shared library libturtlebot4_msgs__rosidl_typesupport_introspection_cpp.so[0m
[3.877s] [ 75%] [32m[1mLinking CXX shared library libturtlebot4_msgs__rosidl_typesupport_cpp.so[0m
[3.908s] [ 75%] Built target turtlebot4_msgs__rosidl_typesupport_introspection_cpp
[3.920s] [ 75%] Built target turtlebot4_msgs__rosidl_typesupport_cpp
[3.970s] [ 77%] [32m[1mLinking CXX shared library libturtlebot4_msgs__rosidl_typesupport_fastrtps_c.so[0m
[4.022s] [ 77%] Built target turtlebot4_msgs__rosidl_typesupport_fastrtps_c
[4.042s] [ 79%] [32m[1mLinking CXX shared library libturtlebot4_msgs__rosidl_typesupport_fastrtps_cpp.so[0m
[4.091s] [ 79%] Built target turtlebot4_msgs__rosidl_typesupport_fastrtps_cpp
[4.107s] [ 79%] Built target turtlebot4_msgs
[4.123s] [ 81%] [34m[1mGenerating Python code for ROS interfaces[0m
[4.460s] [ 81%] Built target turtlebot4_msgs__py
[4.478s] [ 87%] [32mBuilding C object CMakeFiles/turtlebot4_msgs__rosidl_generator_py.dir/rosidl_generator_py/turtlebot4_msgs/msg/_user_led_s.c.o[0m
[4.478s] [ 87%] [32mBuilding C object CMakeFiles/turtlebot4_msgs__rosidl_generator_py.dir/rosidl_generator_py/turtlebot4_msgs/msg/_user_button_s.c.o[0m
[4.478s] [ 87%] [32mBuilding C object CMakeFiles/turtlebot4_msgs__rosidl_generator_py.dir/rosidl_generator_py/turtlebot4_msgs/msg/_user_display_s.c.o[0m
[4.552s] [ 88%] [32m[1mLinking C shared library libturtlebot4_msgs__rosidl_generator_py.so[0m
[4.582s] [ 88%] Built target turtlebot4_msgs__rosidl_generator_py
[4.600s] [ 90%] [32mBuilding C object CMakeFiles/turtlebot4_msgs_s__rosidl_typesupport_fastrtps_c.dir/rosidl_generator_py/turtlebot4_msgs/_turtlebot4_msgs_s.ep.rosidl_typesupport_fastrtps_c.c.o[0m
[4.600s] [ 92%] [32mBuilding C object CMakeFiles/turtlebot4_msgs_s__rosidl_typesupport_introspection_c.dir/rosidl_generator_py/turtlebot4_msgs/_turtlebot4_msgs_s.ep.rosidl_typesupport_introspection_c.c.o[0m
[4.600s] [ 94%] [32mBuilding C object CMakeFiles/turtlebot4_msgs_s__rosidl_typesupport_c.dir/rosidl_generator_py/turtlebot4_msgs/_turtlebot4_msgs_s.ep.rosidl_typesupport_c.c.o[0m
[4.667s] [ 98%] [32m[1mLinking C shared module rosidl_generator_py/turtlebot4_msgs/turtlebot4_msgs_s__rosidl_typesupport_introspection_c.so[0m
[4.668s] [ 98%] [32m[1mLinking C shared module rosidl_generator_py/turtlebot4_msgs/turtlebot4_msgs_s__rosidl_typesupport_fastrtps_c.so[0m
[4.677s] [100%] [32m[1mLinking C shared module rosidl_generator_py/turtlebot4_msgs/turtlebot4_msgs_s__rosidl_typesupport_c.so[0m
[4.695s] [100%] Built target turtlebot4_msgs_s__rosidl_typesupport_introspection_c
[4.695s] [100%] Built target turtlebot4_msgs_s__rosidl_typesupport_fastrtps_c
[4.703s] [100%] Built target turtlebot4_msgs_s__rosidl_typesupport_c
[4.712s] Invoked command in '/home/mampane/Desktop/pose_graph_optimization_for_SLAM/ros2_ws/build/turtlebot4_msgs' returned '0': CMAKE_PREFIX_PATH=${CMAKE_PREFIX_PATH}:/opt/ros/jazzy:/opt/ros/humble DEBUGINFOD_URLS=https://debuginfod.ubuntu.com /usr/bin/cmake --build /home/mampane/Desktop/pose_graph_optimization_for_SLAM/ros2_ws/build/turtlebot4_msgs -- -j20 -l20
[4.713s] Invoking command in '/home/mampane/Desktop/pose_graph_optimization_for_SLAM/ros2_ws/build/turtlebot4_msgs': CMAKE_PREFIX_PATH=${CMAKE_PREFIX_PATH}:/opt/ros/jazzy:/opt/ros/humble DEBUGINFOD_URLS=https://debuginfod.ubuntu.com /usr/bin/cmake --install /home/mampane/Desktop/pose_graph_optimization_for_SLAM/ros2_ws/build/turtlebot4_msgs
[4.719s] -- Install configuration: ""
[4.719s] -- Execute custom install script
[4.719s] -- Symlinking: /home/mampane/Desktop/pose_graph_optimization_for_SLAM/ros2_ws/install/turtlebot4_msgs/share/ament_index/resource_index/rosidl_interfaces/turtlebot4_msgs
[4.725s] -- Symlinking: /home/mampane/Desktop/pose_graph_optimization_for_SLAM/ros2_ws/install/turtlebot4_msgs/share/turtlebot4_msgs/msg/UserLed.json
[4.732s] -- Symlinking: /home/mampane/Desktop/pose_graph_optimization_for_SLAM/ros2_ws/install/turtlebot4_msgs/share/turtlebot4_msgs/msg/UserButton.json
[4.741s] -- Symlinking: /home/mampane/Desktop/pose_graph_optimization_for_SLAM/ros2_ws/install/turtlebot4_msgs/share/turtlebot4_msgs/msg/UserDisplay.json
[4.749s] -- Symlinking: /home/mampane/Desktop/pose_graph_optimization_for_SLAM/ros2_ws/install/turtlebot4_msgs/include/turtlebot4_msgs/turtlebot4_msgs/msg/detail/user_button__functions.h
[4.759s] -- Symlinking: /home/mampane/Desktop/pose_graph_optimization_for_SLAM/ros2_ws/install/turtlebot4_msgs/include/turtlebot4_msgs/turtlebot4_msgs/msg/detail/user_button__struct.h
[4.765s] -- Symlinking: /home/mampane/Desktop/pose_graph_optimization_for_SLAM/ros2_ws/install/turtlebot4_msgs/include/turtlebot4_msgs/turtlebot4_msgs/msg/detail/user_button__type_support.h
[4.770s] -- Symlinking: /home/mampane/Desktop/pose_graph_optimization_for_SLAM/ros2_ws/install/turtlebot4_msgs/include/turtlebot4_msgs/turtlebot4_msgs/msg/detail/user_display__functions.h
[4.777s] -- Symlinking: /home/mampane/Desktop/pose_graph_optimization_for_SLAM/ros2_ws/install/turtlebot4_msgs/include/turtlebot4_msgs/turtlebot4_msgs/msg/detail/user_display__struct.h
[4.783s] -- Symlinking: /home/mampane/Desktop/pose_graph_optimization_for_SLAM/ros2_ws/install/turtlebot4_msgs/include/turtlebot4_msgs/turtlebot4_msgs/msg/detail/user_display__type_support.h
[4.789s] -- Symlinking: /home/mampane/Desktop/pose_graph_optimization_for_SLAM/ros2_ws/install/turtlebot4_msgs/include/turtlebot4_msgs/turtlebot4_msgs/msg/detail/user_led__functions.h
[4.794s] -- Symlinking: /home/mampane/Desktop/pose_graph_optimization_for_SLAM/ros2_ws/install/turtlebot4_msgs/include/turtlebot4_msgs/turtlebot4_msgs/msg/detail/user_led__struct.h
[4.802s] -- Symlinking: /home/mampane/Desktop/pose_graph_optimization_for_SLAM/ros2_ws/install/turtlebot4_msgs/include/turtlebot4_msgs/turtlebot4_msgs/msg/detail/user_led__type_support.h
[4.814s] -- Symlinking: /home/mampane/Desktop/pose_graph_optimization_for_SLAM/ros2_ws/install/turtlebot4_msgs/include/turtlebot4_msgs/turtlebot4_msgs/msg/rosidl_generator_c__visibility_control.h
[4.826s] -- Symlinking: /home/mampane/Desktop/pose_graph_optimization_for_SLAM/ros2_ws/install/turtlebot4_msgs/include/turtlebot4_msgs/turtlebot4_msgs/msg/user_button.h
[4.833s] -- Symlinking: /home/mampane/Desktop/pose_graph_optimization_for_SLAM/ros2_ws/install/turtlebot4_msgs/include/turtlebot4_msgs/turtlebot4_msgs/msg/user_display.h
[4.839s] -- Symlinking: /home/mampane/Desktop/pose_graph_optimization_for_SLAM/ros2_ws/install/turtlebot4_msgs/include/turtlebot4_msgs/turtlebot4_msgs/msg/user_led.h
[4.848s] -- Symlinking: /home/mampane/Desktop/pose_graph_optimization_for_SLAM/ros2_ws/install/turtlebot4_msgs/share/turtlebot4_msgs/environment/library_path.sh
[4.857s] -- Symlinking: /home/mampane/Desktop/pose_graph_optimization_for_SLAM/ros2_ws/install/turtlebot4_msgs/share/turtlebot4_msgs/environment/library_path.dsv
[4.864s] -- Symlinking: /home/mampane/Desktop/pose_graph_optimization_for_SLAM/ros2_ws/install/turtlebot4_msgs/include/turtlebot4_msgs/turtlebot4_msgs/msg/detail/user_button__rosidl_typesupport_fastrtps_c.h
[4.874s] -- Symlinking: /home/mampane/Desktop/pose_graph_optimization_for_SLAM/ros2_ws/install/turtlebot4_msgs/include/turtlebot4_msgs/turtlebot4_msgs/msg/detail/user_display__rosidl_typesupport_fastrtps_c.h
[4.885s] -- Symlinking: /home/mampane/Desktop/pose_graph_optimization_for_SLAM/ros2_ws/install/turtlebot4_msgs/include/turtlebot4_msgs/turtlebot4_msgs/msg/detail/user_led__rosidl_typesupport_fastrtps_c.h
[4.895s] -- Symlinking: /home/mampane/Desktop/pose_graph_optimization_for_SLAM/ros2_ws/install/turtlebot4_msgs/include/turtlebot4_msgs/turtlebot4_msgs/msg/rosidl_typesupport_fastrtps_c__visibility_control.h
[4.905s] -- Symlinking: /home/mampane/Desktop/pose_graph_optimization_for_SLAM/ros2_ws/install/turtlebot4_msgs/include/turtlebot4_msgs/turtlebot4_msgs/msg/detail/user_button__rosidl_typesupport_introspection_c.h
[4.917s] -- Symlinking: /home/mampane/Desktop/pose_graph_optimization_for_SLAM/ros2_ws/install/turtlebot4_msgs/include/turtlebot4_msgs/turtlebot4_msgs/msg/detail/user_display__rosidl_typesupport_introspection_c.h
[4.927s] -- Symlinking: /home/mampane/Desktop/pose_graph_optimization_for_SLAM/ros2_ws/install/turtlebot4_msgs/include/turtlebot4_msgs/turtlebot4_msgs/msg/detail/user_led__rosidl_typesupport_introspection_c.h
[4.937s] -- Symlinking: /home/mampane/Desktop/pose_graph_optimization_for_SLAM/ros2_ws/install/turtlebot4_msgs/include/turtlebot4_msgs/turtlebot4_msgs/msg/rosidl_typesupport_introspection_c__visibility_control.h
[4.946s] -- Symlinking: /home/mampane/Desktop/pose_graph_optimization_for_SLAM/ros2_ws/install/turtlebot4_msgs/include/turtlebot4_msgs/turtlebot4_msgs/msg/detail/user_button__builder.hpp
[4.955s] -- Symlinking: /home/mampane/Desktop/pose_graph_optimization_for_SLAM/ros2_ws/install/turtlebot4_msgs/include/turtlebot4_msgs/turtlebot4_msgs/msg/detail/user_button__struct.hpp
[4.965s] -- Symlinking: /home/mampane/Desktop/pose_graph_optimization_for_SLAM/ros2_ws/install/turtlebot4_msgs/include/turtlebot4_msgs/turtlebot4_msgs/msg/detail/user_button__traits.hpp
[4.975s] -- Symlinking: /home/mampane/Desktop/pose_graph_optimization_for_SLAM/ros2_ws/install/turtlebot4_msgs/include/turtlebot4_msgs/turtlebot4_msgs/msg/detail/user_button__type_support.hpp
[4.984s] -- Symlinking: /home/mampane/Desktop/pose_graph_optimization_for_SLAM/ros2_ws/install/turtlebot4_msgs/include/turtlebot4_msgs/turtlebot4_msgs/msg/detail/user_display__builder.hpp
[4.991s] -- Symlinking: /home/mampane/Desktop/pose_graph_optimization_for_SLAM/ros2_ws/install/turtlebot4_msgs/include/turtlebot4_msgs/turtlebot4_msgs/msg/detail/user_display__struct.hpp
[5.003s] -- Symlinking: /home/mampane/Desktop/pose_graph_optimization_for_SLAM/ros2_ws/install/turtlebot4_msgs/include/turtlebot4_msgs/turtlebot4_msgs/msg/detail/user_display__traits.hpp
[5.014s] -- Symlinking: /home/mampane/Desktop/pose_graph_optimization_for_SLAM/ros2_ws/install/turtlebot4_msgs/include/turtlebot4_msgs/turtlebot4_msgs/msg/detail/user_display__type_support.hpp
[5.020s] -- Symlinking: /home/mampane/Desktop/pose_graph_optimization_for_SLAM/ros2_ws/install/turtlebot4_msgs/include/turtlebot4_msgs/turtlebot4_msgs/msg/detail/user_led__builder.hpp
[5.026s] -- Symlinking: /home/mampane/Desktop/pose_graph_optimization_for_SLAM/ros2_ws/install/turtlebot4_msgs/include/turtlebot4_msgs/turtlebot4_msgs/msg/detail/user_led__struct.hpp
[5.036s] -- Symlinking: /home/mampane/Desktop/pose_graph_optimization_for_SLAM/ros2_ws/install/turtlebot4_msgs/include/turtlebot4_msgs/turtlebot4_msgs/msg/detail/user_led__traits.hpp
[5.043s] -- Symlinking: /home/mampane/Desktop/pose_graph_optimization_for_SLAM/ros2_ws/install/turtlebot4_msgs/include/turtlebot4_msgs/turtlebot4_msgs/msg/detail/user_led__type_support.hpp
[5.050s] -- Symlinking: /home/mampane/Desktop/pose_graph_optimization_for_SLAM/ros2_ws/install/turtlebot4_msgs/include/turtlebot4_msgs/turtlebot4_msgs/msg/rosidl_generator_cpp__visibility_control.hpp
[5.055s] -- Symlinking: /home/mampane/Desktop/pose_graph_optimization_for_SLAM/ros2_ws/install/turtlebot4_msgs/include/turtlebot4_msgs/turtlebot4_msgs/msg/user_button.hpp
[5.061s] -- Symlinking: /home/mampane/Desktop/pose_graph_optimization_for_SLAM/ros2_ws/install/turtlebot4_msgs/include/turtlebot4_msgs/turtlebot4_msgs/msg/user_display.hpp
[5.067s] -- Symlinking: /home/mampane/Desktop/pose_graph_optimization_for_SLAM/ros2_ws/install/turtlebot4_msgs/include/turtlebot4_msgs/turtlebot4_msgs/msg/user_led.hpp
[5.072s] -- Symlinking: /home/mampane/Desktop/pose_graph_optimization_for_SLAM/ros2_ws/install/turtlebot4_msgs/include/turtlebot4_msgs/turtlebot4_msgs/msg/detail/user_button__rosidl_typesupport_fastrtps_cpp.hpp
[5.078s] -- Symlinking: /home/mampane/Desktop/pose_graph_optimization_for_SLAM/ros2_ws/install/turtlebot4_msgs/include/turtlebot4_msgs/turtlebot4_msgs/msg/detail/user_display__rosidl_typesupport_fastrtps_cpp.hpp
[5.085s] -- Symlinking: /home/mampane/Desktop/pose_graph_optimization_for_SLAM/ros2_ws/install/turtlebot4_msgs/include/turtlebot4_msgs/turtlebot4_msgs/msg/detail/user_led__rosidl_typesupport_fastrtps_cpp.hpp
[5.091s] -- Symlinking: /home/mampane/Desktop/pose_graph_optimization_for_SLAM/ros2_ws/install/turtlebot4_msgs/include/turtlebot4_msgs/turtlebot4_msgs/msg/rosidl_typesupport_fastrtps_cpp__visibility_control.h
[5.097s] -- Symlinking: /home/mampane/Desktop/pose_graph_optimization_for_SLAM/ros2_ws/install/turtlebot4_msgs/include/turtlebot4_msgs/turtlebot4_msgs/msg/detail/user_button__rosidl_typesupport_introspection_cpp.hpp
[5.102s] -- Symlinking: /home/mampane/Desktop/pose_graph_optimization_for_SLAM/ros2_ws/install/turtlebot4_msgs/include/turtlebot4_msgs/turtlebot4_msgs/msg/detail/user_display__rosidl_typesupport_introspection_cpp.hpp
[5.109s] -- Symlinking: /home/mampane/Desktop/pose_graph_optimization_for_SLAM/ros2_ws/install/turtlebot4_msgs/include/turtlebot4_msgs/turtlebot4_msgs/msg/detail/user_led__rosidl_typesupport_introspection_cpp.hpp
[5.116s] -- Symlinking: /home/mampane/Desktop/pose_graph_optimization_for_SLAM/ros2_ws/install/turtlebot4_msgs/share/turtlebot4_msgs/environment/pythonpath.sh
[5.122s] -- Symlinking: /home/mampane/Desktop/pose_graph_optimization_for_SLAM/ros2_ws/install/turtlebot4_msgs/share/turtlebot4_msgs/environment/pythonpath.dsv
[5.128s] -- Symlinking: /home/mampane/Desktop/pose_graph_optimization_for_SLAM/ros2_ws/install/turtlebot4_msgs/lib/python3.12/site-packages/turtlebot4_msgs-2.1.1-py3.12.egg-info/PKG-INFO
[5.136s] -- Symlinking: /home/mampane/Desktop/pose_graph_optimization_for_SLAM/ros2_ws/install/turtlebot4_msgs/lib/python3.12/site-packages/turtlebot4_msgs-2.1.1-py3.12.egg-info/SOURCES.txt
[5.144s] -- Symlinking: /home/mampane/Desktop/pose_graph_optimization_for_SLAM/ros2_ws/install/turtlebot4_msgs/lib/python3.12/site-packages/turtlebot4_msgs-2.1.1-py3.12.egg-info/dependency_links.txt
[5.152s] -- Symlinking: /home/mampane/Desktop/pose_graph_optimization_for_SLAM/ros2_ws/install/turtlebot4_msgs/lib/python3.12/site-packages/turtlebot4_msgs-2.1.1-py3.12.egg-info/top_level.txt
[5.158s] -- Symlinking: /home/mampane/Desktop/pose_graph_optimization_for_SLAM/ros2_ws/install/turtlebot4_msgs/lib/python3.12/site-packages/turtlebot4_msgs/__init__.py
[5.165s] -- Symlinking: /home/mampane/Desktop/pose_graph_optimization_for_SLAM/ros2_ws/install/turtlebot4_msgs/lib/python3.12/site-packages/turtlebot4_msgs/_turtlebot4_msgs_s.ep.rosidl_typesupport_c.c
[5.170s] -- Symlinking: /home/mampane/Desktop/pose_graph_optimization_for_SLAM/ros2_ws/install/turtlebot4_msgs/lib/python3.12/site-packages/turtlebot4_msgs/_turtlebot4_msgs_s.ep.rosidl_typesupport_fastrtps_c.c
[5.176s] -- Symlinking: /home/mampane/Desktop/pose_graph_optimization_for_SLAM/ros2_ws/install/turtlebot4_msgs/lib/python3.12/site-packages/turtlebot4_msgs/_turtlebot4_msgs_s.ep.rosidl_typesupport_introspection_c.c
[5.181s] -- Symlinking: /home/mampane/Desktop/pose_graph_optimization_for_SLAM/ros2_ws/install/turtlebot4_msgs/lib/python3.12/site-packages/turtlebot4_msgs/msg/__init__.py
[5.187s] -- Symlinking: /home/mampane/Desktop/pose_graph_optimization_for_SLAM/ros2_ws/install/turtlebot4_msgs/lib/python3.12/site-packages/turtlebot4_msgs/msg/_user_button.py
[5.195s] -- Symlinking: /home/mampane/Desktop/pose_graph_optimization_for_SLAM/ros2_ws/install/turtlebot4_msgs/lib/python3.12/site-packages/turtlebot4_msgs/msg/_user_button_s.c
[5.201s] -- Symlinking: /home/mampane/Desktop/pose_graph_optimization_for_SLAM/ros2_ws/install/turtlebot4_msgs/lib/python3.12/site-packages/turtlebot4_msgs/msg/_user_display.py
[5.207s] -- Symlinking: /home/mampane/Desktop/pose_graph_optimization_for_SLAM/ros2_ws/install/turtlebot4_msgs/lib/python3.12/site-packages/turtlebot4_msgs/msg/_user_display_s.c
[5.215s] -- Symlinking: /home/mampane/Desktop/pose_graph_optimization_for_SLAM/ros2_ws/install/turtlebot4_msgs/lib/python3.12/site-packages/turtlebot4_msgs/msg/_user_led.py
[5.225s] -- Symlinking: /home/mampane/Desktop/pose_graph_optimization_for_SLAM/ros2_ws/install/turtlebot4_msgs/lib/python3.12/site-packages/turtlebot4_msgs/msg/_user_led_s.c
[5.233s] -- Symlinking: /home/mampane/Desktop/pose_graph_optimization_for_SLAM/ros2_ws/install/turtlebot4_msgs/lib/python3.12/site-packages/turtlebot4_msgs/turtlebot4_msgs_s__rosidl_typesupport_c.so
[5.242s] -- Symlinking: /home/mampane/Desktop/pose_graph_optimization_for_SLAM/ros2_ws/install/turtlebot4_msgs/lib/python3.12/site-packages/turtlebot4_msgs/turtlebot4_msgs_s__rosidl_typesupport_fastrtps_c.so
[5.252s] -- Symlinking: /home/mampane/Desktop/pose_graph_optimization_for_SLAM/ros2_ws/install/turtlebot4_msgs/lib/python3.12/site-packages/turtlebot4_msgs/turtlebot4_msgs_s__rosidl_typesupport_introspection_c.so
[5.262s] -- Up-to-date symlink: /home/mampane/Desktop/pose_graph_optimization_for_SLAM/ros2_ws/install/turtlebot4_msgs/lib/python3.12/site-packages/turtlebot4_msgs/turtlebot4_msgs_s__rosidl_typesupport_fastrtps_c.so
[5.262s] -- Up-to-date symlink: /home/mampane/Desktop/pose_graph_optimization_for_SLAM/ros2_ws/install/turtlebot4_msgs/lib/python3.12/site-packages/turtlebot4_msgs/turtlebot4_msgs_s__rosidl_typesupport_introspection_c.so
[5.262s] -- Up-to-date symlink: /home/mampane/Desktop/pose_graph_optimization_for_SLAM/ros2_ws/install/turtlebot4_msgs/lib/python3.12/site-packages/turtlebot4_msgs/turtlebot4_msgs_s__rosidl_typesupport_c.so
[5.262s] -- Symlinking: /home/mampane/Desktop/pose_graph_optimization_for_SLAM/ros2_ws/install/turtlebot4_msgs/share/turtlebot4_msgs/msg/UserLed.idl
[5.271s] -- Symlinking: /home/mampane/Desktop/pose_graph_optimization_for_SLAM/ros2_ws/install/turtlebot4_msgs/share/turtlebot4_msgs/msg/UserButton.idl
[5.280s] -- Symlinking: /home/mampane/Desktop/pose_graph_optimization_for_SLAM/ros2_ws/install/turtlebot4_msgs/share/turtlebot4_msgs/msg/UserDisplay.idl
[5.289s] -- Symlinking: /home/mampane/Desktop/pose_graph_optimization_for_SLAM/ros2_ws/install/turtlebot4_msgs/share/turtlebot4_msgs/msg/UserLed.msg
[5.295s] -- Symlinking: /home/mampane/Desktop/pose_graph_optimization_for_SLAM/ros2_ws/install/turtlebot4_msgs/share/turtlebot4_msgs/msg/UserButton.msg
[5.303s] -- Symlinking: /home/mampane/Desktop/pose_graph_optimization_for_SLAM/ros2_ws/install/turtlebot4_msgs/share/turtlebot4_msgs/msg/UserDisplay.msg
[5.308s] -- Symlinking: /home/mampane/Desktop/pose_graph_optimization_for_SLAM/ros2_ws/install/turtlebot4_msgs/share/ament_index/resource_index/package_run_dependencies/turtlebot4_msgs
[5.316s] -- Symlinking: /home/mampane/Desktop/pose_graph_optimization_for_SLAM/ros2_ws/install/turtlebot4_msgs/share/ament_index/resource_index/parent_prefix_path/turtlebot4_msgs
[5.323s] -- Symlinking: /home/mampane/Desktop/pose_graph_optimization_for_SLAM/ros2_ws/install/turtlebot4_msgs/share/turtlebot4_msgs/environment/ament_prefix_path.sh
[5.329s] -- Symlinking: /home/mampane/Desktop/pose_graph_optimization_for_SLAM/ros2_ws/install/turtlebot4_msgs/share/turtlebot4_msgs/environment/ament_prefix_path.dsv
[5.336s] -- Symlinking: /home/mampane/Desktop/pose_graph_optimization_for_SLAM/ros2_ws/install/turtlebot4_msgs/share/turtlebot4_msgs/environment/path.sh
[5.342s] -- Symlinking: /home/mampane/Desktop/pose_graph_optimization_for_SLAM/ros2_ws/install/turtlebot4_msgs/share/turtlebot4_msgs/environment/path.dsv
[5.349s] -- Symlinking: /home/mampane/Desktop/pose_graph_optimization_for_SLAM/ros2_ws/install/turtlebot4_msgs/share/turtlebot4_msgs/local_setup.bash
[5.356s] -- Symlinking: /home/mampane/Desktop/pose_graph_optimization_for_SLAM/ros2_ws/install/turtlebot4_msgs/share/turtlebot4_msgs/local_setup.sh
[5.363s] -- Symlinking: /home/mampane/Desktop/pose_graph_optimization_for_SLAM/ros2_ws/install/turtlebot4_msgs/share/turtlebot4_msgs/local_setup.zsh
[5.369s] -- Symlinking: /home/mampane/Desktop/pose_graph_optimization_for_SLAM/ros2_ws/install/turtlebot4_msgs/share/turtlebot4_msgs/local_setup.dsv
[5.379s] -- Symlinking: /home/mampane/Desktop/pose_graph_optimization_for_SLAM/ros2_ws/install/turtlebot4_msgs/share/turtlebot4_msgs/package.dsv
[5.389s] -- Symlinking: /home/mampane/Desktop/pose_graph_optimization_for_SLAM/ros2_ws/install/turtlebot4_msgs/share/ament_index/resource_index/packages/turtlebot4_msgs
[5.394s] -- Symlinking: /home/mampane/Desktop/pose_graph_optimization_for_SLAM/ros2_ws/install/turtlebot4_msgs/share/turtlebot4_msgs/cmake/rosidl_cmake-extras.cmake
[5.399s] -- Symlinking: /home/mampane/Desktop/pose_graph_optimization_for_SLAM/ros2_ws/install/turtlebot4_msgs/share/turtlebot4_msgs/cmake/ament_cmake_export_include_directories-extras.cmake
[5.406s] -- Symlinking: /home/mampane/Desktop/pose_graph_optimization_for_SLAM/ros2_ws/install/turtlebot4_msgs/share/turtlebot4_msgs/cmake/ament_cmake_export_libraries-extras.cmake
[5.412s] -- Symlinking: /home/mampane/Desktop/pose_graph_optimization_for_SLAM/ros2_ws/install/turtlebot4_msgs/share/turtlebot4_msgs/cmake/ament_cmake_export_targets-extras.cmake
[5.421s] -- Symlinking: /home/mampane/Desktop/pose_graph_optimization_for_SLAM/ros2_ws/install/turtlebot4_msgs/share/turtlebot4_msgs/cmake/rosidl_cmake_export_typesupport_targets-extras.cmake
[5.426s] -- Symlinking: /home/mampane/Desktop/pose_graph_optimization_for_SLAM/ros2_ws/install/turtlebot4_msgs/share/turtlebot4_msgs/cmake/ament_cmake_export_dependencies-extras.cmake
[5.433s] -- Symlinking: /home/mampane/Desktop/pose_graph_optimization_for_SLAM/ros2_ws/install/turtlebot4_msgs/share/turtlebot4_msgs/cmake/rosidl_cmake_export_typesupport_libraries-extras.cmake
[5.441s] -- Symlinking: /home/mampane/Desktop/pose_graph_optimization_for_SLAM/ros2_ws/install/turtlebot4_msgs/share/turtlebot4_msgs/cmake/turtlebot4_msgsConfig.cmake
[5.453s] -- Symlinking: /home/mampane/Desktop/pose_graph_optimization_for_SLAM/ros2_ws/install/turtlebot4_msgs/share/turtlebot4_msgs/cmake/turtlebot4_msgsConfig-version.cmake
[5.463s] -- Symlinking: /home/mampane/Desktop/pose_graph_optimization_for_SLAM/ros2_ws/install/turtlebot4_msgs/share/turtlebot4_msgs/package.xml
[5.473s] -- Installing: /home/mampane/Desktop/pose_graph_optimization_for_SLAM/ros2_ws/install/turtlebot4_msgs/lib/libturtlebot4_msgs__rosidl_generator_c.so
[5.474s] -- Set non-toolchain portion of runtime path of "/home/mampane/Desktop/pose_graph_optimization_for_SLAM/ros2_ws/install/turtlebot4_msgs/lib/libturtlebot4_msgs__rosidl_generator_c.so" to ""
[5.474s] -- Installing: /home/mampane/Desktop/pose_graph_optimization_for_SLAM/ros2_ws/install/turtlebot4_msgs/lib/libturtlebot4_msgs__rosidl_typesupport_fastrtps_c.so
[5.474s] -- Set non-toolchain portion of runtime path of "/home/mampane/Desktop/pose_graph_optimization_for_SLAM/ros2_ws/install/turtlebot4_msgs/lib/libturtlebot4_msgs__rosidl_typesupport_fastrtps_c.so" to ""
[5.474s] -- Installing: /home/mampane/Desktop/pose_graph_optimization_for_SLAM/ros2_ws/install/turtlebot4_msgs/lib/libturtlebot4_msgs__rosidl_typesupport_introspection_c.so
[5.474s] -- Set non-toolchain portion of runtime path of "/home/mampane/Desktop/pose_graph_optimization_for_SLAM/ros2_ws/install/turtlebot4_msgs/lib/libturtlebot4_msgs__rosidl_typesupport_introspection_c.so" to ""
[5.475s] -- Installing: /home/mampane/Desktop/pose_graph_optimization_for_SLAM/ros2_ws/install/turtlebot4_msgs/lib/libturtlebot4_msgs__rosidl_typesupport_c.so
[5.475s] -- Set non-toolchain portion of runtime path of "/home/mampane/Desktop/pose_graph_optimization_for_SLAM/ros2_ws/install/turtlebot4_msgs/lib/libturtlebot4_msgs__rosidl_typesupport_c.so" to ""
[5.475s] -- Installing: /home/mampane/Desktop/pose_graph_optimization_for_SLAM/ros2_ws/install/turtlebot4_msgs/lib/libturtlebot4_msgs__rosidl_typesupport_fastrtps_cpp.so
[5.475s] -- Set non-toolchain portion of runtime path of "/home/mampane/Desktop/pose_graph_optimization_for_SLAM/ros2_ws/install/turtlebot4_msgs/lib/libturtlebot4_msgs__rosidl_typesupport_fastrtps_cpp.so" to ""
[5.475s] -- Installing: /home/mampane/Desktop/pose_graph_optimization_for_SLAM/ros2_ws/install/turtlebot4_msgs/lib/libturtlebot4_msgs__rosidl_typesupport_introspection_cpp.so
[5.475s] -- Set non-toolchain portion of runtime path of "/home/mampane/Desktop/pose_graph_optimization_for_SLAM/ros2_ws/install/turtlebot4_msgs/lib/libturtlebot4_msgs__rosidl_typesupport_introspection_cpp.so" to ""
[5.475s] -- Installing: /home/mampane/Desktop/pose_graph_optimization_for_SLAM/ros2_ws/install/turtlebot4_msgs/lib/libturtlebot4_msgs__rosidl_typesupport_cpp.so
[5.475s] -- Set non-toolchain portion of runtime path of "/home/mampane/Desktop/pose_graph_optimization_for_SLAM/ros2_ws/install/turtlebot4_msgs/lib/libturtlebot4_msgs__rosidl_typesupport_cpp.so" to ""
[5.501s] Listing '/home/mampane/Desktop/pose_graph_optimization_for_SLAM/ros2_ws/install/turtlebot4_msgs/lib/python3.12/site-packages/turtlebot4_msgs'...
[5.501s] Compiling '/home/mampane/Desktop/pose_graph_optimization_for_SLAM/ros2_ws/install/turtlebot4_msgs/lib/python3.12/site-packages/turtlebot4_msgs/__init__.py'...
[5.501s] Listing '/home/mampane/Desktop/pose_graph_optimization_for_SLAM/ros2_ws/install/turtlebot4_msgs/lib/python3.12/site-packages/turtlebot4_msgs/msg'...
[5.501s] Compiling '/home/mampane/Desktop/pose_graph_optimization_for_SLAM/ros2_ws/install/turtlebot4_msgs/lib/python3.12/site-packages/turtlebot4_msgs/msg/__init__.py'...
[5.501s] Compiling '/home/mampane/Desktop/pose_graph_optimization_for_SLAM/ros2_ws/install/turtlebot4_msgs/lib/python3.12/site-packages/turtlebot4_msgs/msg/_user_button.py'...
[5.501s] Compiling '/home/mampane/Desktop/pose_graph_optimization_for_SLAM/ros2_ws/install/turtlebot4_msgs/lib/python3.12/site-packages/turtlebot4_msgs/msg/_user_display.py'...
[5.501s] Compiling '/home/mampane/Desktop/pose_graph_optimization_for_SLAM/ros2_ws/install/turtlebot4_msgs/lib/python3.12/site-packages/turtlebot4_msgs/msg/_user_led.py'...
[5.504s] -- Installing: /home/mampane/Desktop/pose_graph_optimization_for_SLAM/ros2_ws/install/turtlebot4_msgs/lib/libturtlebot4_msgs__rosidl_generator_py.so
[5.504s] -- Set non-toolchain portion of runtime path of "/home/mampane/Desktop/pose_graph_optimization_for_SLAM/ros2_ws/install/turtlebot4_msgs/lib/libturtlebot4_msgs__rosidl_generator_py.so" to ""
[5.504s] -- Installing: /home/mampane/Desktop/pose_graph_optimization_for_SLAM/ros2_ws/install/turtlebot4_msgs/share/turtlebot4_msgs/cmake/export_turtlebot4_msgs__rosidl_generator_cExport.cmake
[5.504s] -- Installing: /home/mampane/Desktop/pose_graph_optimization_for_SLAM/ros2_ws/install/turtlebot4_msgs/share/turtlebot4_msgs/cmake/export_turtlebot4_msgs__rosidl_generator_cExport-noconfig.cmake
[5.505s] -- Installing: /home/mampane/Desktop/pose_graph_optimization_for_SLAM/ros2_ws/install/turtlebot4_msgs/share/turtlebot4_msgs/cmake/export_turtlebot4_msgs__rosidl_typesupport_fastrtps_cExport.cmake
[5.505s] -- Installing: /home/mampane/Desktop/pose_graph_optimization_for_SLAM/ros2_ws/install/turtlebot4_msgs/share/turtlebot4_msgs/cmake/export_turtlebot4_msgs__rosidl_typesupport_fastrtps_cExport-noconfig.cmake
[5.505s] -- Installing: /home/mampane/Desktop/pose_graph_optimization_for_SLAM/ros2_ws/install/turtlebot4_msgs/share/turtlebot4_msgs/cmake/turtlebot4_msgs__rosidl_typesupport_introspection_cExport.cmake
[5.505s] -- Installing: /home/mampane/Desktop/pose_graph_optimization_for_SLAM/ros2_ws/install/turtlebot4_msgs/share/turtlebot4_msgs/cmake/turtlebot4_msgs__rosidl_typesupport_introspection_cExport-noconfig.cmake
[5.505s] -- Installing: /home/mampane/Desktop/pose_graph_optimization_for_SLAM/ros2_ws/install/turtlebot4_msgs/share/turtlebot4_msgs/cmake/turtlebot4_msgs__rosidl_typesupport_cExport.cmake
[5.505s] -- Installing: /home/mampane/Desktop/pose_graph_optimization_for_SLAM/ros2_ws/install/turtlebot4_msgs/share/turtlebot4_msgs/cmake/turtlebot4_msgs__rosidl_typesupport_cExport-noconfig.cmake
[5.505s] -- Installing: /home/mampane/Desktop/pose_graph_optimization_for_SLAM/ros2_ws/install/turtlebot4_msgs/share/turtlebot4_msgs/cmake/export_turtlebot4_msgs__rosidl_generator_cppExport.cmake
[5.505s] -- Installing: /home/mampane/Desktop/pose_graph_optimization_for_SLAM/ros2_ws/install/turtlebot4_msgs/share/turtlebot4_msgs/cmake/export_turtlebot4_msgs__rosidl_typesupport_fastrtps_cppExport.cmake
[5.505s] -- Installing: /home/mampane/Desktop/pose_graph_optimization_for_SLAM/ros2_ws/install/turtlebot4_msgs/share/turtlebot4_msgs/cmake/export_turtlebot4_msgs__rosidl_typesupport_fastrtps_cppExport-noconfig.cmake
[5.505s] -- Installing: /home/mampane/Desktop/pose_graph_optimization_for_SLAM/ros2_ws/install/turtlebot4_msgs/share/turtlebot4_msgs/cmake/turtlebot4_msgs__rosidl_typesupport_introspection_cppExport.cmake
[5.505s] -- Installing: /home/mampane/Desktop/pose_graph_optimization_for_SLAM/ros2_ws/install/turtlebot4_msgs/share/turtlebot4_msgs/cmake/turtlebot4_msgs__rosidl_typesupport_introspection_cppExport-noconfig.cmake
[5.505s] -- Installing: /home/mampane/Desktop/pose_graph_optimization_for_SLAM/ros2_ws/install/turtlebot4_msgs/share/turtlebot4_msgs/cmake/turtlebot4_msgs__rosidl_typesupport_cppExport.cmake
[5.505s] -- Installing: /home/mampane/Desktop/pose_graph_optimization_for_SLAM/ros2_ws/install/turtlebot4_msgs/share/turtlebot4_msgs/cmake/turtlebot4_msgs__rosidl_typesupport_cppExport-noconfig.cmake
[5.505s] -- Installing: /home/mampane/Desktop/pose_graph_optimization_for_SLAM/ros2_ws/install/turtlebot4_msgs/share/turtlebot4_msgs/cmake/export_turtlebot4_msgs__rosidl_generator_pyExport.cmake
[5.505s] -- Installing: /home/mampane/Desktop/pose_graph_optimization_for_SLAM/ros2_ws/install/turtlebot4_msgs/share/turtlebot4_msgs/cmake/export_turtlebot4_msgs__rosidl_generator_pyExport-noconfig.cmake
[5.506s] Invoked command in '/home/mampane/Desktop/pose_graph_optimization_for_SLAM/ros2_ws/build/turtlebot4_msgs' returned '0': CMAKE_PREFIX_PATH=${CMAKE_PREFIX_PATH}:/opt/ros/jazzy:/opt/ros/humble DEBUGINFOD_URLS=https://debuginfod.ubuntu.com /usr/bin/cmake --install /home/mampane/Desktop/pose_graph_optimization_for_SLAM/ros2_ws/build/turtlebot4_msgs
