[0.008s] Invoking command in '/home/mampane/Desktop/pose_graph_optimization_for_SLAM/ros2_ws/build/turtlebot4_gz_toolbox': CMAKE_PREFIX_PATH=/home/mampane/Desktop/pose_graph_optimization_for_SLAM/ros2_ws/install/turtlebot4_msgs:/home/mampane/Desktop/pose_graph_optimization_for_SLAM/ros2_ws/install/turtlebot4_node:/home/mampane/Desktop/pose_graph_optimization_for_SLAM/ros2_ws/install/turtlebot4_navigation:/home/mampane/Desktop/pose_graph_optimization_for_SLAM/ros2_ws/install/turtlebot4_description:/opt/ros/jazzy/opt/gz_sim_vendor:/opt/ros/jazzy/opt/gz_sensors_vendor:/opt/ros/jazzy/opt/gz_physics_vendor:/opt/ros/jazzy/opt/sdformat_vendor:/opt/ros/jazzy/opt/gz_gui_vendor:/opt/ros/jazzy/opt/gz_transport_vendor:/opt/ros/jazzy/opt/gz_rendering_vendor:/opt/ros/jazzy/opt/gz_plugin_vendor:/opt/ros/jazzy/opt/gz_fuel_tools_vendor:/opt/ros/jazzy/opt/gz_msgs_vendor:/opt/ros/jazzy/opt/gz_common_vendor:/opt/ros/jazzy/opt/gz_math_vendor:/opt/ros/jazzy/opt/gz_utils_vendor:/opt/ros/jazzy/opt/gz_tools_vendor:/opt/ros/jazzy/opt/gz_ogre_next_vendor:/opt/ros/jazzy/opt/gz_dartsim_vendor:/opt/ros/jazzy/opt/gz_cmake_vendor:/opt/ros/jazzy:/opt/ros/humble DEBUGINFOD_URLS=https://debuginfod.ubuntu.com PYTHONPATH=/home/mampane/Desktop/pose_graph_optimization_for_SLAM/ros2_ws/install/turtlebot4_msgs/lib/python3.12/site-packages:/home/mampane/Desktop/pose_graph_optimization_for_SLAM/ros2_ws/install/turtlebot4_navigation/lib/python3.12/site-packages:/opt/ros/jazzy/lib/python3.12/site-packages:/opt/ros/humble/lib/python3.10/site-packages:/opt/ros/humble/local/lib/python3.10/dist-packages /usr/bin/cmake /home/mampane/Desktop/pose_graph_optimization_for_SLAM/ros2_ws/src/turtlebot4_gz_toolbox -DCMAKE_INSTALL_PREFIX=/home/mampane/Desktop/pose_graph_optimization_for_SLAM/ros2_ws/install/turtlebot4_gz_toolbox
[0.049s] -- The C compiler identification is GNU 13.3.0
[0.092s] -- The CXX compiler identification is GNU 13.3.0
[0.107s] -- Detecting C compiler ABI info
[0.181s] -- Detecting C compiler ABI info - done
[0.187s] -- Check for working C compiler: /usr/bin/cc - skipped
[0.188s] -- Detecting C compile features
[0.188s] -- Detecting C compile features - done
[0.196s] -- Detecting CXX compiler ABI info
[0.285s] -- Detecting CXX compiler ABI info - done
[0.297s] -- Check for working CXX compiler: /usr/bin/c++ - skipped
[0.297s] -- Detecting CXX compile features
[0.298s] -- Detecting CXX compile features - done
[0.301s] -- Found ament_cmake: 2.5.4 (/opt/ros/jazzy/share/ament_cmake/cmake)
[0.446s] -- Found Python3: /usr/bin/python3 (found version "3.12.3") found components: Interpreter 
[0.542s] -- Found rclcpp: 28.1.12 (/opt/ros/jazzy/share/rclcpp/cmake)
[0.581s] -- Found rosidl_generator_c: 4.6.6 (/opt/ros/jazzy/share/rosidl_generator_c/cmake)
[0.594s] -- Found rosidl_generator_cpp: 4.6.6 (/opt/ros/jazzy/share/rosidl_generator_cpp/cmake)
[0.609s] -- Using all available rosidl_typesupport_c: rosidl_typesupport_fastrtps_c;rosidl_typesupport_introspection_c
[0.625s] -- Using all available rosidl_typesupport_cpp: rosidl_typesupport_fastrtps_cpp;rosidl_typesupport_introspection_cpp
[0.701s] -- Found rmw_implementation_cmake: 7.3.2 (/opt/ros/jazzy/share/rmw_implementation_cmake/cmake)
[0.705s] -- Found rmw_fastrtps_cpp: 8.4.3 (/opt/ros/jazzy/share/rmw_fastrtps_cpp/cmake)
[0.789s] -- Found OpenSSL: /usr/lib/x86_64-linux-gnu/libcrypto.so (found version "3.0.13")  
[0.807s] -- Found FastRTPS: /opt/ros/jazzy/include (Required is at least version "2.13") 
[0.831s] -- Using RMW implementation 'rmw_fastrtps_cpp' as default
[0.894s] -- Found rclcpp_action: 28.1.12 (/opt/ros/jazzy/share/rclcpp_action/cmake)
[0.933s] -- Found std_msgs: 5.3.6 (/opt/ros/jazzy/share/std_msgs/cmake)
[0.945s] -- Found sensor_msgs: 5.3.6 (/opt/ros/jazzy/share/sensor_msgs/cmake)
[0.976s] -- Found turtlebot4_msgs: 2.1.1 (/home/mampane/Desktop/pose_graph_optimization_for_SLAM/ros2_ws/install/turtlebot4_msgs/share/turtlebot4_msgs/cmake)
[0.988s] -- Found ament_lint_auto: 0.17.3 (/opt/ros/jazzy/share/ament_lint_auto/cmake)
[1.088s] -- Added test 'cppcheck' to perform static code analysis on C / C++ code
[1.088s] -- Configured cppcheck include dirs: /home/mampane/Desktop/pose_graph_optimization_for_SLAM/ros2_ws/src/turtlebot4_gz_toolbox/include
[1.088s] -- Configured cppcheck exclude dirs and/or files: 
[1.089s] -- Added test 'cpplint' to check C / C++ code against the Google style
[1.089s] -- Configured cpplint exclude dirs and/or files: 
[1.090s] -- Added test 'lint_cmake' to check CMake code style
[1.091s] -- Added test 'uncrustify' to check C / C++ code style
[1.091s] -- Configured uncrustify additional arguments: 
[1.091s] -- Added test 'xmllint' to check XML markup files
[1.093s] -- Configuring done (1.1s)
[1.104s] -- Generating done (0.0s)
[1.107s] -- Build files have been written to: /home/mampane/Desktop/pose_graph_optimization_for_SLAM/ros2_ws/build/turtlebot4_gz_toolbox
[1.115s] Invoked command in '/home/mampane/Desktop/pose_graph_optimization_for_SLAM/ros2_ws/build/turtlebot4_gz_toolbox' returned '0': CMAKE_PREFIX_PATH=/home/mampane/Desktop/pose_graph_optimization_for_SLAM/ros2_ws/install/turtlebot4_msgs:/home/mampane/Desktop/pose_graph_optimization_for_SLAM/ros2_ws/install/turtlebot4_node:/home/mampane/Desktop/pose_graph_optimization_for_SLAM/ros2_ws/install/turtlebot4_navigation:/home/mampane/Desktop/pose_graph_optimization_for_SLAM/ros2_ws/install/turtlebot4_description:/opt/ros/jazzy/opt/gz_sim_vendor:/opt/ros/jazzy/opt/gz_sensors_vendor:/opt/ros/jazzy/opt/gz_physics_vendor:/opt/ros/jazzy/opt/sdformat_vendor:/opt/ros/jazzy/opt/gz_gui_vendor:/opt/ros/jazzy/opt/gz_transport_vendor:/opt/ros/jazzy/opt/gz_rendering_vendor:/opt/ros/jazzy/opt/gz_plugin_vendor:/opt/ros/jazzy/opt/gz_fuel_tools_vendor:/opt/ros/jazzy/opt/gz_msgs_vendor:/opt/ros/jazzy/opt/gz_common_vendor:/opt/ros/jazzy/opt/gz_math_vendor:/opt/ros/jazzy/opt/gz_utils_vendor:/opt/ros/jazzy/opt/gz_tools_vendor:/opt/ros/jazzy/opt/gz_ogre_next_vendor:/opt/ros/jazzy/opt/gz_dartsim_vendor:/opt/ros/jazzy/opt/gz_cmake_vendor:/opt/ros/jazzy:/opt/ros/humble DEBUGINFOD_URLS=https://debuginfod.ubuntu.com PYTHONPATH=/home/mampane/Desktop/pose_graph_optimization_for_SLAM/ros2_ws/install/turtlebot4_msgs/lib/python3.12/site-packages:/home/mampane/Desktop/pose_graph_optimization_for_SLAM/ros2_ws/install/turtlebot4_navigation/lib/python3.12/site-packages:/opt/ros/jazzy/lib/python3.12/site-packages:/opt/ros/humble/lib/python3.10/site-packages:/opt/ros/humble/local/lib/python3.10/dist-packages /usr/bin/cmake /home/mampane/Desktop/pose_graph_optimization_for_SLAM/ros2_ws/src/turtlebot4_gz_toolbox -DCMAKE_INSTALL_PREFIX=/home/mampane/Desktop/pose_graph_optimization_for_SLAM/ros2_ws/install/turtlebot4_gz_toolbox
[1.116s] Invoking command in '/home/mampane/Desktop/pose_graph_optimization_for_SLAM/ros2_ws/build/turtlebot4_gz_toolbox': CMAKE_PREFIX_PATH=/home/mampane/Desktop/pose_graph_optimization_for_SLAM/ros2_ws/install/turtlebot4_msgs:/home/mampane/Desktop/pose_graph_optimization_for_SLAM/ros2_ws/install/turtlebot4_node:/home/mampane/Desktop/pose_graph_optimization_for_SLAM/ros2_ws/install/turtlebot4_navigation:/home/mampane/Desktop/pose_graph_optimization_for_SLAM/ros2_ws/install/turtlebot4_description:/opt/ros/jazzy/opt/gz_sim_vendor:/opt/ros/jazzy/opt/gz_sensors_vendor:/opt/ros/jazzy/opt/gz_physics_vendor:/opt/ros/jazzy/opt/sdformat_vendor:/opt/ros/jazzy/opt/gz_gui_vendor:/opt/ros/jazzy/opt/gz_transport_vendor:/opt/ros/jazzy/opt/gz_rendering_vendor:/opt/ros/jazzy/opt/gz_plugin_vendor:/opt/ros/jazzy/opt/gz_fuel_tools_vendor:/opt/ros/jazzy/opt/gz_msgs_vendor:/opt/ros/jazzy/opt/gz_common_vendor:/opt/ros/jazzy/opt/gz_math_vendor:/opt/ros/jazzy/opt/gz_utils_vendor:/opt/ros/jazzy/opt/gz_tools_vendor:/opt/ros/jazzy/opt/gz_ogre_next_vendor:/opt/ros/jazzy/opt/gz_dartsim_vendor:/opt/ros/jazzy/opt/gz_cmake_vendor:/opt/ros/jazzy:/opt/ros/humble DEBUGINFOD_URLS=https://debuginfod.ubuntu.com PYTHONPATH=/home/mampane/Desktop/pose_graph_optimization_for_SLAM/ros2_ws/install/turtlebot4_msgs/lib/python3.12/site-packages:/home/mampane/Desktop/pose_graph_optimization_for_SLAM/ros2_ws/install/turtlebot4_navigation/lib/python3.12/site-packages:/opt/ros/jazzy/lib/python3.12/site-packages:/opt/ros/humble/lib/python3.10/site-packages:/opt/ros/humble/local/lib/python3.10/dist-packages /usr/bin/cmake --build /home/mampane/Desktop/pose_graph_optimization_for_SLAM/ros2_ws/build/turtlebot4_gz_toolbox -- -j20 -l20
[1.166s] [ 20%] [32mBuilding CXX object CMakeFiles/turtlebot4_gz_toolbox_lib.dir/src/hmi_node.cpp.o[0m
[1.166s] [ 40%] [32mBuilding CXX object CMakeFiles/turtlebot4_gz_toolbox_lib.dir/src/hmi_main.cpp.o[0m
[7.995s] [ 60%] [32m[1mLinking CXX static library libturtlebot4_gz_toolbox_lib.a[0m
[8.141s] [ 60%] Built target turtlebot4_gz_toolbox_lib
[8.161s] [ 80%] [32mBuilding CXX object CMakeFiles/turtlebot4_gz_hmi_node.dir/src/hmi_main.cpp.o[0m
[9.826s] [100%] [32m[1mLinking CXX executable turtlebot4_gz_hmi_node[0m
[10.076s] [100%] Built target turtlebot4_gz_hmi_node
[10.084s] Invoked command in '/home/mampane/Desktop/pose_graph_optimization_for_SLAM/ros2_ws/build/turtlebot4_gz_toolbox' returned '0': CMAKE_PREFIX_PATH=/home/mampane/Desktop/pose_graph_optimization_for_SLAM/ros2_ws/install/turtlebot4_msgs:/home/mampane/Desktop/pose_graph_optimization_for_SLAM/ros2_ws/install/turtlebot4_node:/home/mampane/Desktop/pose_graph_optimization_for_SLAM/ros2_ws/install/turtlebot4_navigation:/home/mampane/Desktop/pose_graph_optimization_for_SLAM/ros2_ws/install/turtlebot4_description:/opt/ros/jazzy/opt/gz_sim_vendor:/opt/ros/jazzy/opt/gz_sensors_vendor:/opt/ros/jazzy/opt/gz_physics_vendor:/opt/ros/jazzy/opt/sdformat_vendor:/opt/ros/jazzy/opt/gz_gui_vendor:/opt/ros/jazzy/opt/gz_transport_vendor:/opt/ros/jazzy/opt/gz_rendering_vendor:/opt/ros/jazzy/opt/gz_plugin_vendor:/opt/ros/jazzy/opt/gz_fuel_tools_vendor:/opt/ros/jazzy/opt/gz_msgs_vendor:/opt/ros/jazzy/opt/gz_common_vendor:/opt/ros/jazzy/opt/gz_math_vendor:/opt/ros/jazzy/opt/gz_utils_vendor:/opt/ros/jazzy/opt/gz_tools_vendor:/opt/ros/jazzy/opt/gz_ogre_next_vendor:/opt/ros/jazzy/opt/gz_dartsim_vendor:/opt/ros/jazzy/opt/gz_cmake_vendor:/opt/ros/jazzy:/opt/ros/humble DEBUGINFOD_URLS=https://debuginfod.ubuntu.com PYTHONPATH=/home/mampane/Desktop/pose_graph_optimization_for_SLAM/ros2_ws/install/turtlebot4_msgs/lib/python3.12/site-packages:/home/mampane/Desktop/pose_graph_optimization_for_SLAM/ros2_ws/install/turtlebot4_navigation/lib/python3.12/site-packages:/opt/ros/jazzy/lib/python3.12/site-packages:/opt/ros/humble/lib/python3.10/site-packages:/opt/ros/humble/local/lib/python3.10/dist-packages /usr/bin/cmake --build /home/mampane/Desktop/pose_graph_optimization_for_SLAM/ros2_ws/build/turtlebot4_gz_toolbox -- -j20 -l20
[10.084s] Invoking command in '/home/mampane/Desktop/pose_graph_optimization_for_SLAM/ros2_ws/build/turtlebot4_gz_toolbox': CMAKE_PREFIX_PATH=/home/mampane/Desktop/pose_graph_optimization_for_SLAM/ros2_ws/install/turtlebot4_msgs:/home/mampane/Desktop/pose_graph_optimization_for_SLAM/ros2_ws/install/turtlebot4_node:/home/mampane/Desktop/pose_graph_optimization_for_SLAM/ros2_ws/install/turtlebot4_navigation:/home/mampane/Desktop/pose_graph_optimization_for_SLAM/ros2_ws/install/turtlebot4_description:/opt/ros/jazzy/opt/gz_sim_vendor:/opt/ros/jazzy/opt/gz_sensors_vendor:/opt/ros/jazzy/opt/gz_physics_vendor:/opt/ros/jazzy/opt/sdformat_vendor:/opt/ros/jazzy/opt/gz_gui_vendor:/opt/ros/jazzy/opt/gz_transport_vendor:/opt/ros/jazzy/opt/gz_rendering_vendor:/opt/ros/jazzy/opt/gz_plugin_vendor:/opt/ros/jazzy/opt/gz_fuel_tools_vendor:/opt/ros/jazzy/opt/gz_msgs_vendor:/opt/ros/jazzy/opt/gz_common_vendor:/opt/ros/jazzy/opt/gz_math_vendor:/opt/ros/jazzy/opt/gz_utils_vendor:/opt/ros/jazzy/opt/gz_tools_vendor:/opt/ros/jazzy/opt/gz_ogre_next_vendor:/opt/ros/jazzy/opt/gz_dartsim_vendor:/opt/ros/jazzy/opt/gz_cmake_vendor:/opt/ros/jazzy:/opt/ros/humble DEBUGINFOD_URLS=https://debuginfod.ubuntu.com PYTHONPATH=/home/mampane/Desktop/pose_graph_optimization_for_SLAM/ros2_ws/install/turtlebot4_msgs/lib/python3.12/site-packages:/home/mampane/Desktop/pose_graph_optimization_for_SLAM/ros2_ws/install/turtlebot4_navigation/lib/python3.12/site-packages:/opt/ros/jazzy/lib/python3.12/site-packages:/opt/ros/humble/lib/python3.10/site-packages:/opt/ros/humble/local/lib/python3.10/dist-packages /usr/bin/cmake --install /home/mampane/Desktop/pose_graph_optimization_for_SLAM/ros2_ws/build/turtlebot4_gz_toolbox
[10.090s] -- Install configuration: ""
[10.090s] -- Installing: /home/mampane/Desktop/pose_graph_optimization_for_SLAM/ros2_ws/install/turtlebot4_gz_toolbox/lib/turtlebot4_gz_toolbox/turtlebot4_gz_hmi_node
[10.095s] -- Set non-toolchain portion of runtime path of "/home/mampane/Desktop/pose_graph_optimization_for_SLAM/ros2_ws/install/turtlebot4_gz_toolbox/lib/turtlebot4_gz_toolbox/turtlebot4_gz_hmi_node" to ""
[10.095s] -- Installing: /home/mampane/Desktop/pose_graph_optimization_for_SLAM/ros2_ws/install/turtlebot4_gz_toolbox/share/ament_index/resource_index/package_run_dependencies/turtlebot4_gz_toolbox
[10.095s] -- Installing: /home/mampane/Desktop/pose_graph_optimization_for_SLAM/ros2_ws/install/turtlebot4_gz_toolbox/share/ament_index/resource_index/parent_prefix_path/turtlebot4_gz_toolbox
[10.095s] -- Installing: /home/mampane/Desktop/pose_graph_optimization_for_SLAM/ros2_ws/install/turtlebot4_gz_toolbox/share/turtlebot4_gz_toolbox/environment/ament_prefix_path.sh
[10.095s] -- Installing: /home/mampane/Desktop/pose_graph_optimization_for_SLAM/ros2_ws/install/turtlebot4_gz_toolbox/share/turtlebot4_gz_toolbox/environment/ament_prefix_path.dsv
[10.095s] -- Installing: /home/mampane/Desktop/pose_graph_optimization_for_SLAM/ros2_ws/install/turtlebot4_gz_toolbox/share/turtlebot4_gz_toolbox/environment/path.sh
[10.095s] -- Installing: /home/mampane/Desktop/pose_graph_optimization_for_SLAM/ros2_ws/install/turtlebot4_gz_toolbox/share/turtlebot4_gz_toolbox/environment/path.dsv
[10.096s] -- Installing: /home/mampane/Desktop/pose_graph_optimization_for_SLAM/ros2_ws/install/turtlebot4_gz_toolbox/share/turtlebot4_gz_toolbox/local_setup.bash
[10.096s] -- Installing: /home/mampane/Desktop/pose_graph_optimization_for_SLAM/ros2_ws/install/turtlebot4_gz_toolbox/share/turtlebot4_gz_toolbox/local_setup.sh
[10.097s] -- Installing: /home/mampane/Desktop/pose_graph_optimization_for_SLAM/ros2_ws/install/turtlebot4_gz_toolbox/share/turtlebot4_gz_toolbox/local_setup.zsh
[10.097s] -- Installing: /home/mampane/Desktop/pose_graph_optimization_for_SLAM/ros2_ws/install/turtlebot4_gz_toolbox/share/turtlebot4_gz_toolbox/local_setup.dsv
[10.097s] -- Installing: /home/mampane/Desktop/pose_graph_optimization_for_SLAM/ros2_ws/install/turtlebot4_gz_toolbox/share/turtlebot4_gz_toolbox/package.dsv
[10.097s] -- Installing: /home/mampane/Desktop/pose_graph_optimization_for_SLAM/ros2_ws/install/turtlebot4_gz_toolbox/share/ament_index/resource_index/packages/turtlebot4_gz_toolbox
[10.097s] -- Installing: /home/mampane/Desktop/pose_graph_optimization_for_SLAM/ros2_ws/install/turtlebot4_gz_toolbox/share/turtlebot4_gz_toolbox/cmake/ament_cmake_export_include_directories-extras.cmake
[10.097s] -- Installing: /home/mampane/Desktop/pose_graph_optimization_for_SLAM/ros2_ws/install/turtlebot4_gz_toolbox/share/turtlebot4_gz_toolbox/cmake/turtlebot4_gz_toolboxConfig.cmake
[10.097s] -- Installing: /home/mampane/Desktop/pose_graph_optimization_for_SLAM/ros2_ws/install/turtlebot4_gz_toolbox/share/turtlebot4_gz_toolbox/cmake/turtlebot4_gz_toolboxConfig-version.cmake
[10.097s] -- Installing: /home/mampane/Desktop/pose_graph_optimization_for_SLAM/ros2_ws/install/turtlebot4_gz_toolbox/share/turtlebot4_gz_toolbox/package.xml
[10.098s] Invoked command in '/home/mampane/Desktop/pose_graph_optimization_for_SLAM/ros2_ws/build/turtlebot4_gz_toolbox' returned '0': CMAKE_PREFIX_PATH=/home/mampane/Desktop/pose_graph_optimization_for_SLAM/ros2_ws/install/turtlebot4_msgs:/home/mampane/Desktop/pose_graph_optimization_for_SLAM/ros2_ws/install/turtlebot4_node:/home/mampane/Desktop/pose_graph_optimization_for_SLAM/ros2_ws/install/turtlebot4_navigation:/home/mampane/Desktop/pose_graph_optimization_for_SLAM/ros2_ws/install/turtlebot4_description:/opt/ros/jazzy/opt/gz_sim_vendor:/opt/ros/jazzy/opt/gz_sensors_vendor:/opt/ros/jazzy/opt/gz_physics_vendor:/opt/ros/jazzy/opt/sdformat_vendor:/opt/ros/jazzy/opt/gz_gui_vendor:/opt/ros/jazzy/opt/gz_transport_vendor:/opt/ros/jazzy/opt/gz_rendering_vendor:/opt/ros/jazzy/opt/gz_plugin_vendor:/opt/ros/jazzy/opt/gz_fuel_tools_vendor:/opt/ros/jazzy/opt/gz_msgs_vendor:/opt/ros/jazzy/opt/gz_common_vendor:/opt/ros/jazzy/opt/gz_math_vendor:/opt/ros/jazzy/opt/gz_utils_vendor:/opt/ros/jazzy/opt/gz_tools_vendor:/opt/ros/jazzy/opt/gz_ogre_next_vendor:/opt/ros/jazzy/opt/gz_dartsim_vendor:/opt/ros/jazzy/opt/gz_cmake_vendor:/opt/ros/jazzy:/opt/ros/humble DEBUGINFOD_URLS=https://debuginfod.ubuntu.com PYTHONPATH=/home/mampane/Desktop/pose_graph_optimization_for_SLAM/ros2_ws/install/turtlebot4_msgs/lib/python3.12/site-packages:/home/mampane/Desktop/pose_graph_optimization_for_SLAM/ros2_ws/install/turtlebot4_navigation/lib/python3.12/site-packages:/opt/ros/jazzy/lib/python3.12/site-packages:/opt/ros/humble/lib/python3.10/site-packages:/opt/ros/humble/local/lib/python3.10/dist-packages /usr/bin/cmake --install /home/mampane/Desktop/pose_graph_optimization_for_SLAM/ros2_ws/build/turtlebot4_gz_toolbox
