[0.012s] Invoking command in '/home/mampane/Desktop/pose_graph_optimization_for_SLAM/ros2_ws/build/turtlebot4_description': CMAKE_PREFIX_PATH=${CMAKE_PREFIX_PATH}:/opt/ros/jazzy:/opt/ros/humble DEBUGINFOD_URLS=https://debuginfod.ubuntu.com /usr/bin/cmake /home/mampane/Desktop/pose_graph_optimization_for_SLAM/ros2_ws/src/turtlebot4_description -DCMAKE_INSTALL_PREFIX=/home/mampane/Desktop/pose_graph_optimization_for_SLAM/ros2_ws/install/turtlebot4_description
[0.021s] -- Found ament_cmake: 2.5.4 (/opt/ros/jazzy/share/ament_cmake/cmake)
[0.198s] -- Override CMake install command with custom implementation using symlinks instead of copying resources
[0.203s] -- Found urdf: 2.10.0 (/opt/ros/jazzy/share/urdf/cmake)
[0.220s] -- Found TinyXML2 via Config file: /usr/lib/x86_64-linux-gnu/cmake/tinyxml2
[0.223s] -- Found irobot_create_description: 3.0.4 (/opt/ros/jazzy/share/irobot_create_description/cmake)
[0.223s] -- Found ament_lint_auto: 0.17.3 (/opt/ros/jazzy/share/ament_lint_auto/cmake)
[0.300s] -- Added test 'copyright' to check source files copyright and LICENSE
[0.302s] -- Added test 'flake8' to check Python code syntax and style conventions
[0.302s] -- Configured 'flake8' exclude dirs and/or files: 
[0.302s] -- Added test 'lint_cmake' to check CMake code style
[0.303s] -- Added test 'pep257' to check Python code against some of the docstring style conventions in PEP 257
[0.303s] -- Added test 'xmllint' to check XML markup files
[0.304s] -- Configuring done (0.3s)
[0.306s] -- Generating done (0.0s)
[0.307s] -- Build files have been written to: /home/mampane/Desktop/pose_graph_optimization_for_SLAM/ros2_ws/build/turtlebot4_description
[0.312s] Invoked command in '/home/mampane/Desktop/pose_graph_optimization_for_SLAM/ros2_ws/build/turtlebot4_description' returned '0': CMAKE_PREFIX_PATH=${CMAKE_PREFIX_PATH}:/opt/ros/jazzy:/opt/ros/humble DEBUGINFOD_URLS=https://debuginfod.ubuntu.com /usr/bin/cmake /home/mampane/Desktop/pose_graph_optimization_for_SLAM/ros2_ws/src/turtlebot4_description -DCMAKE_INSTALL_PREFIX=/home/mampane/Desktop/pose_graph_optimization_for_SLAM/ros2_ws/install/turtlebot4_description
[0.313s] Invoking command in '/home/mampane/Desktop/pose_graph_optimization_for_SLAM/ros2_ws/build/turtlebot4_description': CMAKE_PREFIX_PATH=${CMAKE_PREFIX_PATH}:/opt/ros/jazzy:/opt/ros/humble DEBUGINFOD_URLS=https://debuginfod.ubuntu.com /usr/bin/cmake --build /home/mampane/Desktop/pose_graph_optimization_for_SLAM/ros2_ws/build/turtlebot4_description -- -j20 -l20
[0.351s] Invoked command in '/home/mampane/Desktop/pose_graph_optimization_for_SLAM/ros2_ws/build/turtlebot4_description' returned '0': CMAKE_PREFIX_PATH=${CMAKE_PREFIX_PATH}:/opt/ros/jazzy:/opt/ros/humble DEBUGINFOD_URLS=https://debuginfod.ubuntu.com /usr/bin/cmake --build /home/mampane/Desktop/pose_graph_optimization_for_SLAM/ros2_ws/build/turtlebot4_description -- -j20 -l20
[0.360s] Invoking command in '/home/mampane/Desktop/pose_graph_optimization_for_SLAM/ros2_ws/build/turtlebot4_description': CMAKE_PREFIX_PATH=${CMAKE_PREFIX_PATH}:/opt/ros/jazzy:/opt/ros/humble DEBUGINFOD_URLS=https://debuginfod.ubuntu.com /usr/bin/cmake --install /home/mampane/Desktop/pose_graph_optimization_for_SLAM/ros2_ws/build/turtlebot4_description
[0.369s] -- Install configuration: ""
[0.370s] -- Execute custom install script
[0.370s] -- Up-to-date symlink: /home/mampane/Desktop/pose_graph_optimization_for_SLAM/ros2_ws/install/turtlebot4_description/share/turtlebot4_description/launch/robot_description.launch.py
[0.370s] -- Up-to-date symlink: /home/mampane/Desktop/pose_graph_optimization_for_SLAM/ros2_ws/install/turtlebot4_description/share/turtlebot4_description/meshes/camera_bracket.dae
[0.370s] -- Up-to-date symlink: /home/mampane/Desktop/pose_graph_optimization_for_SLAM/ros2_ws/install/turtlebot4_description/share/turtlebot4_description/meshes/oakd_lite.dae
[0.370s] -- Up-to-date symlink: /home/mampane/Desktop/pose_graph_optimization_for_SLAM/ros2_ws/install/turtlebot4_description/share/turtlebot4_description/meshes/oakd_pro.dae
[0.371s] -- Up-to-date symlink: /home/mampane/Desktop/pose_graph_optimization_for_SLAM/ros2_ws/install/turtlebot4_description/share/turtlebot4_description/meshes/rplidar.dae
[0.371s] -- Up-to-date symlink: /home/mampane/Desktop/pose_graph_optimization_for_SLAM/ros2_ws/install/turtlebot4_description/share/turtlebot4_description/meshes/shell.dae
[0.371s] -- Up-to-date symlink: /home/mampane/Desktop/pose_graph_optimization_for_SLAM/ros2_ws/install/turtlebot4_description/share/turtlebot4_description/meshes/shell_collision.dae
[0.371s] -- Up-to-date symlink: /home/mampane/Desktop/pose_graph_optimization_for_SLAM/ros2_ws/install/turtlebot4_description/share/turtlebot4_description/meshes/tower.dae
[0.371s] -- Up-to-date symlink: /home/mampane/Desktop/pose_graph_optimization_for_SLAM/ros2_ws/install/turtlebot4_description/share/turtlebot4_description/meshes/tower_sensor_plate.dae
[0.371s] -- Up-to-date symlink: /home/mampane/Desktop/pose_graph_optimization_for_SLAM/ros2_ws/install/turtlebot4_description/share/turtlebot4_description/meshes/tower_standoff.dae
[0.371s] -- Up-to-date symlink: /home/mampane/Desktop/pose_graph_optimization_for_SLAM/ros2_ws/install/turtlebot4_description/share/turtlebot4_description/meshes/weight_block.dae
[0.371s] -- Up-to-date symlink: /home/mampane/Desktop/pose_graph_optimization_for_SLAM/ros2_ws/install/turtlebot4_description/share/turtlebot4_description/urdf/lite/turtlebot4.urdf.xacro
[0.372s] -- Up-to-date symlink: /home/mampane/Desktop/pose_graph_optimization_for_SLAM/ros2_ws/install/turtlebot4_description/share/turtlebot4_description/urdf/sensors/camera_bracket.urdf.xacro
[0.372s] -- Up-to-date symlink: /home/mampane/Desktop/pose_graph_optimization_for_SLAM/ros2_ws/install/turtlebot4_description/share/turtlebot4_description/urdf/sensors/oakd.urdf.xacro
[0.372s] -- Up-to-date symlink: /home/mampane/Desktop/pose_graph_optimization_for_SLAM/ros2_ws/install/turtlebot4_description/share/turtlebot4_description/urdf/sensors/rplidar.urdf.xacro
[0.372s] -- Up-to-date symlink: /home/mampane/Desktop/pose_graph_optimization_for_SLAM/ros2_ws/install/turtlebot4_description/share/turtlebot4_description/urdf/standard/tower_sensor_plate.urdf.xacro
[0.372s] -- Up-to-date symlink: /home/mampane/Desktop/pose_graph_optimization_for_SLAM/ros2_ws/install/turtlebot4_description/share/turtlebot4_description/urdf/standard/tower_standoff.urdf.xacro
[0.372s] -- Up-to-date symlink: /home/mampane/Desktop/pose_graph_optimization_for_SLAM/ros2_ws/install/turtlebot4_description/share/turtlebot4_description/urdf/standard/turtlebot4.urdf.xacro
[0.372s] -- Up-to-date symlink: /home/mampane/Desktop/pose_graph_optimization_for_SLAM/ros2_ws/install/turtlebot4_description/share/turtlebot4_description/urdf/standard/weight_block.urdf.xacro
[0.372s] -- Up-to-date symlink: /home/mampane/Desktop/pose_graph_optimization_for_SLAM/ros2_ws/install/turtlebot4_description/share/ament_index/resource_index/package_run_dependencies/turtlebot4_description
[0.373s] -- Up-to-date symlink: /home/mampane/Desktop/pose_graph_optimization_for_SLAM/ros2_ws/install/turtlebot4_description/share/ament_index/resource_index/parent_prefix_path/turtlebot4_description
[0.373s] -- Up-to-date symlink: /home/mampane/Desktop/pose_graph_optimization_for_SLAM/ros2_ws/install/turtlebot4_description/share/turtlebot4_description/environment/ament_prefix_path.sh
[0.373s] -- Up-to-date symlink: /home/mampane/Desktop/pose_graph_optimization_for_SLAM/ros2_ws/install/turtlebot4_description/share/turtlebot4_description/environment/ament_prefix_path.dsv
[0.373s] -- Up-to-date symlink: /home/mampane/Desktop/pose_graph_optimization_for_SLAM/ros2_ws/install/turtlebot4_description/share/turtlebot4_description/environment/path.sh
[0.374s] -- Up-to-date symlink: /home/mampane/Desktop/pose_graph_optimization_for_SLAM/ros2_ws/install/turtlebot4_description/share/turtlebot4_description/environment/path.dsv
[0.374s] -- Up-to-date symlink: /home/mampane/Desktop/pose_graph_optimization_for_SLAM/ros2_ws/install/turtlebot4_description/share/turtlebot4_description/local_setup.bash
[0.374s] -- Up-to-date symlink: /home/mampane/Desktop/pose_graph_optimization_for_SLAM/ros2_ws/install/turtlebot4_description/share/turtlebot4_description/local_setup.sh
[0.374s] -- Up-to-date symlink: /home/mampane/Desktop/pose_graph_optimization_for_SLAM/ros2_ws/install/turtlebot4_description/share/turtlebot4_description/local_setup.zsh
[0.374s] -- Up-to-date symlink: /home/mampane/Desktop/pose_graph_optimization_for_SLAM/ros2_ws/install/turtlebot4_description/share/turtlebot4_description/local_setup.dsv
[0.374s] -- Symlinking: /home/mampane/Desktop/pose_graph_optimization_for_SLAM/ros2_ws/install/turtlebot4_description/share/turtlebot4_description/package.dsv
[0.382s] -- Up-to-date symlink: /home/mampane/Desktop/pose_graph_optimization_for_SLAM/ros2_ws/install/turtlebot4_description/share/ament_index/resource_index/packages/turtlebot4_description
[0.382s] -- Up-to-date symlink: /home/mampane/Desktop/pose_graph_optimization_for_SLAM/ros2_ws/install/turtlebot4_description/share/turtlebot4_description/cmake/turtlebot4_descriptionConfig.cmake
[0.382s] -- Up-to-date symlink: /home/mampane/Desktop/pose_graph_optimization_for_SLAM/ros2_ws/install/turtlebot4_description/share/turtlebot4_description/cmake/turtlebot4_descriptionConfig-version.cmake
[0.382s] -- Up-to-date symlink: /home/mampane/Desktop/pose_graph_optimization_for_SLAM/ros2_ws/install/turtlebot4_description/share/turtlebot4_description/package.xml
[0.384s] Invoked command in '/home/mampane/Desktop/pose_graph_optimization_for_SLAM/ros2_ws/build/turtlebot4_description' returned '0': CMAKE_PREFIX_PATH=${CMAKE_PREFIX_PATH}:/opt/ros/jazzy:/opt/ros/humble DEBUGINFOD_URLS=https://debuginfod.ubuntu.com /usr/bin/cmake --install /home/mampane/Desktop/pose_graph_optimization_for_SLAM/ros2_ws/build/turtlebot4_description
