[0.012s] Invoking command in '/home/mampane/Desktop/pose_graph_optimization_for_SLAM/ros2_ws/build/turtlebot4_node': AMENT_PREFIX_PATH=/home/mampane/Desktop/pose_graph_optimization_for_SLAM/ros2_ws/install/turtlebot4_msgs:${AMENT_PREFIX_PATH} CMAKE_PREFIX_PATH=/home/mampane/Desktop/pose_graph_optimization_for_SLAM/ros2_ws/install/turtlebot4_msgs:/opt/ros/humble DEBUGINFOD_URLS=https://debuginfod.ubuntu.com LD_LIBRARY_PATH=/home/mampane/Desktop/pose_graph_optimization_for_SLAM/ros2_ws/install/turtlebot4_msgs/lib:${LD_LIBRARY_PATH} PYTHONPATH=/home/mampane/Desktop/pose_graph_optimization_for_SLAM/ros2_ws/install/turtlebot4_msgs/lib/python3.12/site-packages:${PYTHONPATH} /usr/bin/cmake --build /home/mampane/Desktop/pose_graph_optimization_for_SLAM/ros2_ws/build/turtlebot4_node -- -j20 -l20
[0.084s] [ 75%] Built target turtlebot4_node_lib
[0.117s] [100%] Built target turtlebot4_node
[0.130s] Invoked command in '/home/mampane/Desktop/pose_graph_optimization_for_SLAM/ros2_ws/build/turtlebot4_node' returned '0': AMENT_PREFIX_PATH=/home/mampane/Desktop/pose_graph_optimization_for_SLAM/ros2_ws/install/turtlebot4_msgs:${AMENT_PREFIX_PATH} CMAKE_PREFIX_PATH=/home/mampane/Desktop/pose_graph_optimization_for_SLAM/ros2_ws/install/turtlebot4_msgs:/opt/ros/humble DEBUGINFOD_URLS=https://debuginfod.ubuntu.com LD_LIBRARY_PATH=/home/mampane/Desktop/pose_graph_optimization_for_SLAM/ros2_ws/install/turtlebot4_msgs/lib:${LD_LIBRARY_PATH} PYTHONPATH=/home/mampane/Desktop/pose_graph_optimization_for_SLAM/ros2_ws/install/turtlebot4_msgs/lib/python3.12/site-packages:${PYTHONPATH} /usr/bin/cmake --build /home/mampane/Desktop/pose_graph_optimization_for_SLAM/ros2_ws/build/turtlebot4_node -- -j20 -l20
[0.132s] Invoking command in '/home/mampane/Desktop/pose_graph_optimization_for_SLAM/ros2_ws/build/turtlebot4_node': AMENT_PREFIX_PATH=/home/mampane/Desktop/pose_graph_optimization_for_SLAM/ros2_ws/install/turtlebot4_msgs:${AMENT_PREFIX_PATH} CMAKE_PREFIX_PATH=/home/mampane/Desktop/pose_graph_optimization_for_SLAM/ros2_ws/install/turtlebot4_msgs:/opt/ros/humble DEBUGINFOD_URLS=https://debuginfod.ubuntu.com LD_LIBRARY_PATH=/home/mampane/Desktop/pose_graph_optimization_for_SLAM/ros2_ws/install/turtlebot4_msgs/lib:${LD_LIBRARY_PATH} PYTHONPATH=/home/mampane/Desktop/pose_graph_optimization_for_SLAM/ros2_ws/install/turtlebot4_msgs/lib/python3.12/site-packages:${PYTHONPATH} /usr/bin/cmake --install /home/mampane/Desktop/pose_graph_optimization_for_SLAM/ros2_ws/build/turtlebot4_node
[0.140s] -- Install configuration: ""
[0.140s] -- Execute custom install script
[0.141s] -- Up-to-date symlink: /home/mampane/Desktop/pose_graph_optimization_for_SLAM/ros2_ws/install/turtlebot4_node/lib/turtlebot4_node/turtlebot4_node
[0.141s] -- Up-to-date symlink: /home/mampane/Desktop/pose_graph_optimization_for_SLAM/ros2_ws/install/turtlebot4_node/include/turtlebot4_node/action.hpp
[0.141s] -- Up-to-date symlink: /home/mampane/Desktop/pose_graph_optimization_for_SLAM/ros2_ws/install/turtlebot4_node/include/turtlebot4_node/buttons.hpp
[0.142s] -- Up-to-date symlink: /home/mampane/Desktop/pose_graph_optimization_for_SLAM/ros2_ws/install/turtlebot4_node/include/turtlebot4_node/display.hpp
[0.142s] -- Up-to-date symlink: /home/mampane/Desktop/pose_graph_optimization_for_SLAM/ros2_ws/install/turtlebot4_node/include/turtlebot4_node/leds.hpp
[0.142s] -- Up-to-date symlink: /home/mampane/Desktop/pose_graph_optimization_for_SLAM/ros2_ws/install/turtlebot4_node/include/turtlebot4_node/service.hpp
[0.142s] -- Up-to-date symlink: /home/mampane/Desktop/pose_graph_optimization_for_SLAM/ros2_ws/install/turtlebot4_node/include/turtlebot4_node/turtlebot4.hpp
[0.142s] -- Up-to-date symlink: /home/mampane/Desktop/pose_graph_optimization_for_SLAM/ros2_ws/install/turtlebot4_node/include/turtlebot4_node/utils.hpp
[0.142s] -- Up-to-date symlink: /home/mampane/Desktop/pose_graph_optimization_for_SLAM/ros2_ws/install/turtlebot4_node/share/ament_index/resource_index/package_run_dependencies/turtlebot4_node
[0.143s] -- Up-to-date symlink: /home/mampane/Desktop/pose_graph_optimization_for_SLAM/ros2_ws/install/turtlebot4_node/share/ament_index/resource_index/parent_prefix_path/turtlebot4_node
[0.143s] -- Up-to-date symlink: /home/mampane/Desktop/pose_graph_optimization_for_SLAM/ros2_ws/install/turtlebot4_node/share/turtlebot4_node/environment/ament_prefix_path.sh
[0.143s] -- Up-to-date symlink: /home/mampane/Desktop/pose_graph_optimization_for_SLAM/ros2_ws/install/turtlebot4_node/share/turtlebot4_node/environment/ament_prefix_path.dsv
[0.144s] -- Up-to-date symlink: /home/mampane/Desktop/pose_graph_optimization_for_SLAM/ros2_ws/install/turtlebot4_node/share/turtlebot4_node/environment/path.sh
[0.144s] -- Up-to-date symlink: /home/mampane/Desktop/pose_graph_optimization_for_SLAM/ros2_ws/install/turtlebot4_node/share/turtlebot4_node/environment/path.dsv
[0.144s] -- Up-to-date symlink: /home/mampane/Desktop/pose_graph_optimization_for_SLAM/ros2_ws/install/turtlebot4_node/share/turtlebot4_node/local_setup.bash
[0.146s] -- Up-to-date symlink: /home/mampane/Desktop/pose_graph_optimization_for_SLAM/ros2_ws/install/turtlebot4_node/share/turtlebot4_node/local_setup.sh
[0.146s] -- Up-to-date symlink: /home/mampane/Desktop/pose_graph_optimization_for_SLAM/ros2_ws/install/turtlebot4_node/share/turtlebot4_node/local_setup.zsh
[0.146s] -- Up-to-date symlink: /home/mampane/Desktop/pose_graph_optimization_for_SLAM/ros2_ws/install/turtlebot4_node/share/turtlebot4_node/local_setup.dsv
[0.146s] -- Symlinking: /home/mampane/Desktop/pose_graph_optimization_for_SLAM/ros2_ws/install/turtlebot4_node/share/turtlebot4_node/package.dsv
[0.155s] -- Up-to-date symlink: /home/mampane/Desktop/pose_graph_optimization_for_SLAM/ros2_ws/install/turtlebot4_node/share/ament_index/resource_index/packages/turtlebot4_node
[0.156s] -- Up-to-date symlink: /home/mampane/Desktop/pose_graph_optimization_for_SLAM/ros2_ws/install/turtlebot4_node/share/turtlebot4_node/cmake/ament_cmake_export_include_directories-extras.cmake
[0.156s] -- Up-to-date symlink: /home/mampane/Desktop/pose_graph_optimization_for_SLAM/ros2_ws/install/turtlebot4_node/share/turtlebot4_node/cmake/turtlebot4_nodeConfig.cmake
[0.156s] -- Up-to-date symlink: /home/mampane/Desktop/pose_graph_optimization_for_SLAM/ros2_ws/install/turtlebot4_node/share/turtlebot4_node/cmake/turtlebot4_nodeConfig-version.cmake
[0.156s] -- Up-to-date symlink: /home/mampane/Desktop/pose_graph_optimization_for_SLAM/ros2_ws/install/turtlebot4_node/share/turtlebot4_node/package.xml
[0.166s] Invoked command in '/home/mampane/Desktop/pose_graph_optimization_for_SLAM/ros2_ws/build/turtlebot4_node' returned '0': AMENT_PREFIX_PATH=/home/mampane/Desktop/pose_graph_optimization_for_SLAM/ros2_ws/install/turtlebot4_msgs:${AMENT_PREFIX_PATH} CMAKE_PREFIX_PATH=/home/mampane/Desktop/pose_graph_optimization_for_SLAM/ros2_ws/install/turtlebot4_msgs:/opt/ros/humble DEBUGINFOD_URLS=https://debuginfod.ubuntu.com LD_LIBRARY_PATH=/home/mampane/Desktop/pose_graph_optimization_for_SLAM/ros2_ws/install/turtlebot4_msgs/lib:${LD_LIBRARY_PATH} PYTHONPATH=/home/mampane/Desktop/pose_graph_optimization_for_SLAM/ros2_ws/install/turtlebot4_msgs/lib/python3.12/site-packages:${PYTHONPATH} /usr/bin/cmake --install /home/mampane/Desktop/pose_graph_optimization_for_SLAM/ros2_ws/build/turtlebot4_node
